<?xml version="1.0" encoding="UTF-8"?>
<testsuite xmlns:xsi="http://www.w3.org/2001/XMLSchema-instance" xsi:noNamespaceSchemaLocation="https://maven.apache.org/surefire/maven-surefire-plugin/xsd/surefire-test-report.xsd" name="CucumberGetPriceByDateTest" time="2.541" tests="5" errors="0" skipped="0" failures="0">
  <properties>
    <property name="java.specification.version" value="17"/>
    <property name="sun.cpu.isalist" value="amd64"/>
    <property name="sun.jnu.encoding" value="Cp1252"/>
    <property name="java.class.path" value="C:\Projects\prices-manager\target\test-classes;C:\Projects\prices-manager\target\classes;C:\{path_to_local_repo}\.m2\repository\org\springframework\boot\spring-boot-starter-web\3.0.0\spring-boot-starter-web-3.0.0.jar;C:\{path_to_local_repo}\.m2\repository\org\springframework\boot\spring-boot-starter\3.0.0\spring-boot-starter-3.0.0.jar;C:\{path_to_local_repo}\.m2\repository\org\springframework\boot\spring-boot\3.0.0\spring-boot-3.0.0.jar;C:\{path_to_local_repo}\.m2\repository\org\springframework\boot\spring-boot-autoconfigure\3.0.0\spring-boot-autoconfigure-3.0.0.jar;C:\{path_to_local_repo}\.m2\repository\org\springframework\boot\spring-boot-starter-logging\3.0.0\spring-boot-starter-logging-3.0.0.jar;C:\{path_to_local_repo}\.m2\repository\org\apache\logging\log4j\log4j-to-slf4j\2.19.0\log4j-to-slf4j-2.19.0.jar;C:\{path_to_local_repo}\.m2\repository\org\apache\logging\log4j\log4j-api\2.19.0\log4j-api-2.19.0.jar;C:\{path_to_local_repo}\.m2\repository\org\slf4j\jul-to-slf4j\2.0.4\jul-to-slf4j-2.0.4.jar;C:\{path_to_local_repo}\.m2\repository\jakarta\annotation\jakarta.annotation-api\2.1.1\jakarta.annotation-api-2.1.1.jar;C:\{path_to_local_repo}\.m2\repository\org\yaml\snakeyaml\1.33\snakeyaml-1.33.jar;C:\{path_to_local_repo}\.m2\repository\org\springframework\boot\spring-boot-starter-json\3.0.0\spring-boot-starter-json-3.0.0.jar;C:\{path_to_local_repo}\.m2\repository\com\fasterxml\jackson\datatype\jackson-datatype-jdk8\2.14.1\jackson-datatype-jdk8-2.14.1.jar;C:\{path_to_local_repo}\.m2\repository\com\fasterxml\jackson\datatype\jackson-datatype-jsr310\2.14.1\jackson-datatype-jsr310-2.14.1.jar;C:\{path_to_local_repo}\.m2\repository\com\fasterxml\jackson\module\jackson-module-parameter-names\2.14.1\jackson-module-parameter-names-2.14.1.jar;C:\{path_to_local_repo}\.m2\repository\org\springframework\boot\spring-boot-starter-tomcat\3.0.0\spring-boot-starter-tomcat-3.0.0.jar;C:\{path_to_local_repo}\.m2\repository\org\apache\tomcat\embed\tomcat-embed-core\10.1.1\tomcat-embed-core-10.1.1.jar;C:\{path_to_local_repo}\.m2\repository\org\apache\tomcat\embed\tomcat-embed-el\10.1.1\tomcat-embed-el-10.1.1.jar;C:\{path_to_local_repo}\.m2\repository\org\apache\tomcat\embed\tomcat-embed-websocket\10.1.1\tomcat-embed-websocket-10.1.1.jar;C:\{path_to_local_repo}\.m2\repository\org\springframework\spring-web\6.0.2\spring-web-6.0.2.jar;C:\{path_to_local_repo}\.m2\repository\org\springframework\spring-beans\6.0.2\spring-beans-6.0.2.jar;C:\{path_to_local_repo}\.m2\repository\io\micrometer\micrometer-observation\1.10.2\micrometer-observation-1.10.2.jar;C:\{path_to_local_repo}\.m2\repository\io\micrometer\micrometer-commons\1.10.2\micrometer-commons-1.10.2.jar;C:\{path_to_local_repo}\.m2\repository\org\springframework\spring-webmvc\6.0.2\spring-webmvc-6.0.2.jar;C:\{path_to_local_repo}\.m2\repository\org\springframework\spring-aop\6.0.2\spring-aop-6.0.2.jar;C:\{path_to_local_repo}\.m2\repository\org\springframework\spring-context\6.0.2\spring-context-6.0.2.jar;C:\{path_to_local_repo}\.m2\repository\org\springframework\spring-expression\6.0.2\spring-expression-6.0.2.jar;C:\{path_to_local_repo}\.m2\repository\org\springframework\boot\spring-boot-starter-data-jpa\3.0.0\spring-boot-starter-data-jpa-3.0.0.jar;C:\{path_to_local_repo}\.m2\repository\org\springframework\boot\spring-boot-starter-aop\3.0.0\spring-boot-starter-aop-3.0.0.jar;C:\{path_to_local_repo}\.m2\repository\org\aspectj\aspectjweaver\1.9.9.1\aspectjweaver-1.9.9.1.jar;C:\{path_to_local_repo}\.m2\repository\org\springframework\boot\spring-boot-starter-jdbc\3.0.0\spring-boot-starter-jdbc-3.0.0.jar;C:\{path_to_local_repo}\.m2\repository\com\zaxxer\HikariCP\5.0.1\HikariCP-5.0.1.jar;C:\{path_to_local_repo}\.m2\repository\org\springframework\spring-jdbc\6.0.2\spring-jdbc-6.0.2.jar;C:\{path_to_local_repo}\.m2\repository\org\hibernate\orm\hibernate-core\6.1.5.Final\hibernate-core-6.1.5.Final.jar;C:\{path_to_local_repo}\.m2\repository\jakarta\persistence\jakarta.persistence-api\3.1.0\jakarta.persistence-api-3.1.0.jar;C:\{path_to_local_repo}\.m2\repository\jakarta\transaction\jakarta.transaction-api\2.0.1\jakarta.transaction-api-2.0.1.jar;C:\{path_to_local_repo}\.m2\repository\org\hibernate\common\hibernate-commons-annotations\6.0.2.Final\hibernate-commons-annotations-6.0.2.Final.jar;C:\{path_to_local_repo}\.m2\repository\org\jboss\jandex\2.4.2.Final\jandex-2.4.2.Final.jar;C:\{path_to_local_repo}\.m2\repository\net\bytebuddy\byte-buddy\1.12.19\byte-buddy-1.12.19.jar;C:\{path_to_local_repo}\.m2\repository\org\glassfish\jaxb\jaxb-runtime\4.0.1\jaxb-runtime-4.0.1.jar;C:\{path_to_local_repo}\.m2\repository\org\glassfish\jaxb\jaxb-core\4.0.1\jaxb-core-4.0.1.jar;C:\{path_to_local_repo}\.m2\repository\org\eclipse\angus\angus-activation\1.0.0\angus-activation-1.0.0.jar;C:\{path_to_local_repo}\.m2\repository\org\glassfish\jaxb\txw2\4.0.1\txw2-4.0.1.jar;C:\{path_to_local_repo}\.m2\repository\com\sun\istack\istack-commons-runtime\4.1.1\istack-commons-runtime-4.1.1.jar;C:\{path_to_local_repo}\.m2\repository\jakarta\inject\jakarta.inject-api\2.0.0\jakarta.inject-api-2.0.0.jar;C:\{path_to_local_repo}\.m2\repository\org\antlr\antlr4-runtime\4.10.1\antlr4-runtime-4.10.1.jar;C:\{path_to_local_repo}\.m2\repository\org\springframework\data\spring-data-jpa\3.0.0\spring-data-jpa-3.0.0.jar;C:\{path_to_local_repo}\.m2\repository\org\springframework\data\spring-data-commons\3.0.0\spring-data-commons-3.0.0.jar;C:\{path_to_local_repo}\.m2\repository\org\springframework\spring-orm\6.0.2\spring-orm-6.0.2.jar;C:\{path_to_local_repo}\.m2\repository\org\springframework\spring-tx\6.0.2\spring-tx-6.0.2.jar;C:\{path_to_local_repo}\.m2\repository\org\slf4j\slf4j-api\2.0.4\slf4j-api-2.0.4.jar;C:\{path_to_local_repo}\.m2\repository\org\springframework\spring-aspects\6.0.2\spring-aspects-6.0.2.jar;C:\{path_to_local_repo}\.m2\repository\com\h2database\h2\2.1.214\h2-2.1.214.jar;C:\{path_to_local_repo}\.m2\repository\org\projectlombok\lombok\1.18.24\lombok-1.18.24.jar;C:\{path_to_local_repo}\.m2\repository\org\springframework\boot\spring-boot-starter-test\3.0.0\spring-boot-starter-test-3.0.0.jar;C:\{path_to_local_repo}\.m2\repository\org\springframework\boot\spring-boot-test\3.0.0\spring-boot-test-3.0.0.jar;C:\{path_to_local_repo}\.m2\repository\org\springframework\boot\spring-boot-test-autoconfigure\3.0.0\spring-boot-test-autoconfigure-3.0.0.jar;C:\{path_to_local_repo}\.m2\repository\com\jayway\jsonpath\json-path\2.7.0\json-path-2.7.0.jar;C:\{path_to_local_repo}\.m2\repository\net\minidev\json-smart\2.4.8\json-smart-2.4.8.jar;C:\{path_to_local_repo}\.m2\repository\net\minidev\accessors-smart\2.4.8\accessors-smart-2.4.8.jar;C:\{path_to_local_repo}\.m2\repository\org\ow2\asm\asm\9.1\asm-9.1.jar;C:\{path_to_local_repo}\.m2\repository\jakarta\xml\bind\jakarta.xml.bind-api\4.0.0\jakarta.xml.bind-api-4.0.0.jar;C:\{path_to_local_repo}\.m2\repository\jakarta\activation\jakarta.activation-api\2.1.0\jakarta.activation-api-2.1.0.jar;C:\{path_to_local_repo}\.m2\repository\org\assertj\assertj-core\3.23.1\assertj-core-3.23.1.jar;C:\{path_to_local_repo}\.m2\repository\org\hamcrest\hamcrest\2.2\hamcrest-2.2.jar;C:\{path_to_local_repo}\.m2\repository\org\junit\jupiter\junit-jupiter\5.9.1\junit-jupiter-5.9.1.jar;C:\{path_to_local_repo}\.m2\repository\org\junit\jupiter\junit-jupiter-api\5.9.1\junit-jupiter-api-5.9.1.jar;C:\{path_to_local_repo}\.m2\repository\org\junit\jupiter\junit-jupiter-params\5.9.1\junit-jupiter-params-5.9.1.jar;C:\{path_to_local_repo}\.m2\repository\org\junit\jupiter\junit-jupiter-engine\5.9.1\junit-jupiter-engine-5.9.1.jar;C:\{path_to_local_repo}\.m2\repository\org\mockito\mockito-core\4.8.1\mockito-core-4.8.1.jar;C:\{path_to_local_repo}\.m2\repository\net\bytebuddy\byte-buddy-agent\1.12.19\byte-buddy-agent-1.12.19.jar;C:\{path_to_local_repo}\.m2\repository\org\objenesis\objenesis\3.2\objenesis-3.2.jar;C:\{path_to_local_repo}\.m2\repository\org\mockito\mockito-junit-jupiter\4.8.1\mockito-junit-jupiter-4.8.1.jar;C:\{path_to_local_repo}\.m2\repository\org\skyscreamer\jsonassert\1.5.1\jsonassert-1.5.1.jar;C:\{path_to_local_repo}\.m2\repository\org\springframework\spring-core\6.0.2\spring-core-6.0.2.jar;C:\{path_to_local_repo}\.m2\repository\org\springframework\spring-jcl\6.0.2\spring-jcl-6.0.2.jar;C:\{path_to_local_repo}\.m2\repository\org\springframework\spring-test\6.0.2\spring-test-6.0.2.jar;C:\{path_to_local_repo}\.m2\repository\org\xmlunit\xmlunit-core\2.9.0\xmlunit-core-2.9.0.jar;C:\{path_to_local_repo}\.m2\repository\org\springdoc\springdoc-openapi-starter-webmvc-ui\2.1.0\springdoc-openapi-starter-webmvc-ui-2.1.0.jar;C:\{path_to_local_repo}\.m2\repository\org\springdoc\springdoc-openapi-starter-webmvc-api\2.1.0\springdoc-openapi-starter-webmvc-api-2.1.0.jar;C:\{path_to_local_repo}\.m2\repository\org\springdoc\springdoc-openapi-starter-common\2.1.0\springdoc-openapi-starter-common-2.1.0.jar;C:\{path_to_local_repo}\.m2\repository\io\swagger\core\v3\swagger-core-jakarta\2.2.9\swagger-core-jakarta-2.2.9.jar;C:\{path_to_local_repo}\.m2\repository\com\fasterxml\jackson\dataformat\jackson-dataformat-yaml\2.14.1\jackson-dataformat-yaml-2.14.1.jar;C:\{path_to_local_repo}\.m2\repository\org\webjars\swagger-ui\4.18.2\swagger-ui-4.18.2.jar;C:\{path_to_local_repo}\.m2\repository\org\openapitools\jackson-databind-nullable\0.2.4\jackson-databind-nullable-0.2.4.jar;C:\{path_to_local_repo}\.m2\repository\com\fasterxml\jackson\core\jackson-databind\2.14.1\jackson-databind-2.14.1.jar;C:\{path_to_local_repo}\.m2\repository\com\fasterxml\jackson\core\jackson-annotations\2.14.1\jackson-annotations-2.14.1.jar;C:\{path_to_local_repo}\.m2\repository\com\fasterxml\jackson\core\jackson-core\2.14.1\jackson-core-2.14.1.jar;C:\{path_to_local_repo}\.m2\repository\io\swagger\codegen\v3\swagger-codegen-maven-plugin\3.0.46\swagger-codegen-maven-plugin-3.0.46.jar;C:\{path_to_local_repo}\.m2\repository\org\apache\maven\maven-core\3.2.5\maven-core-3.2.5.jar;C:\{path_to_local_repo}\.m2\repository\org\apache\maven\maven-model\3.2.5\maven-model-3.2.5.jar;C:\{path_to_local_repo}\.m2\repository\org\apache\maven\maven-settings\3.2.5\maven-settings-3.2.5.jar;C:\{path_to_local_repo}\.m2\repository\org\apache\maven\maven-settings-builder\3.2.5\maven-settings-builder-3.2.5.jar;C:\{path_to_local_repo}\.m2\repository\org\apache\maven\maven-repository-metadata\3.2.5\maven-repository-metadata-3.2.5.jar;C:\{path_to_local_repo}\.m2\repository\org\apache\maven\maven-artifact\3.2.5\maven-artifact-3.2.5.jar;C:\{path_to_local_repo}\.m2\repository\org\apache\maven\maven-model-builder\3.2.5\maven-model-builder-3.2.5.jar;C:\{path_to_local_repo}\.m2\repository\org\apache\maven\maven-aether-provider\3.2.5\maven-aether-provider-3.2.5.jar;C:\{path_to_local_repo}\.m2\repository\org\eclipse\aether\aether-spi\1.0.0.v20140518\aether-spi-1.0.0.v20140518.jar;C:\{path_to_local_repo}\.m2\repository\org\eclipse\aether\aether-impl\1.0.0.v20140518\aether-impl-1.0.0.v20140518.jar;C:\{path_to_local_repo}\.m2\repository\org\eclipse\aether\aether-api\1.0.0.v20140518\aether-api-1.0.0.v20140518.jar;C:\{path_to_local_repo}\.m2\repository\org\eclipse\aether\aether-util\1.0.0.v20140518\aether-util-1.0.0.v20140518.jar;C:\{path_to_local_repo}\.m2\repository\org\eclipse\sisu\org.eclipse.sisu.plexus\0.3.0.M1\org.eclipse.sisu.plexus-0.3.0.M1.jar;C:\{path_to_local_repo}\.m2\repository\javax\enterprise\cdi-api\1.0\cdi-api-1.0.jar;C:\{path_to_local_repo}\.m2\repository\javax\annotation\jsr250-api\1.0\jsr250-api-1.0.jar;C:\{path_to_local_repo}\.m2\repository\org\eclipse\sisu\org.eclipse.sisu.inject\0.3.0.M1\org.eclipse.sisu.inject-0.3.0.M1.jar;C:\{path_to_local_repo}\.m2\repository\org\sonatype\sisu\sisu-guice\3.2.3\sisu-guice-3.2.3-no_aop.jar;C:\{path_to_local_repo}\.m2\repository\javax\inject\javax.inject\1\javax.inject-1.jar;C:\{path_to_local_repo}\.m2\repository\aopalliance\aopalliance\1.0\aopalliance-1.0.jar;C:\{path_to_local_repo}\.m2\repository\org\codehaus\plexus\plexus-interpolation\1.21\plexus-interpolation-1.21.jar;C:\{path_to_local_repo}\.m2\repository\org\codehaus\plexus\plexus-classworlds\2.5.2\plexus-classworlds-2.5.2.jar;C:\{path_to_local_repo}\.m2\repository\org\sonatype\plexus\plexus-sec-dispatcher\1.3\plexus-sec-dispatcher-1.3.jar;C:\{path_to_local_repo}\.m2\repository\org\sonatype\plexus\plexus-cipher\1.4\plexus-cipher-1.4.jar;C:\{path_to_local_repo}\.m2\repository\org\apache\maven\maven-compat\3.2.5\maven-compat-3.2.5.jar;C:\{path_to_local_repo}\.m2\repository\org\apache\maven\wagon\wagon-provider-api\2.8\wagon-provider-api-2.8.jar;C:\{path_to_local_repo}\.m2\repository\org\apache\maven\maven-plugin-api\3.2.5\maven-plugin-api-3.2.5.jar;C:\{path_to_local_repo}\.m2\repository\org\apache\maven\plugin-tools\maven-plugin-annotations\3.4\maven-plugin-annotations-3.4.jar;C:\{path_to_local_repo}\.m2\repository\io\swagger\codegen\v3\swagger-codegen\3.0.46\swagger-codegen-3.0.46.jar;C:\{path_to_local_repo}\.m2\repository\io\swagger\swagger-parser\1.0.66\swagger-parser-1.0.66.jar;C:\{path_to_local_repo}\.m2\repository\io\swagger\swagger-core\1.6.11\swagger-core-1.6.11.jar;C:\{path_to_local_repo}\.m2\repository\io\swagger\swagger-models\1.6.11\swagger-models-1.6.11.jar;C:\{path_to_local_repo}\.m2\repository\io\swagger\swagger-annotations\1.6.11\swagger-annotations-1.6.11.jar;C:\{path_to_local_repo}\.m2\repository\javax\validation\validation-api\1.1.0.Final\validation-api-1.1.0.Final.jar;C:\{path_to_local_repo}\.m2\repository\io\swagger\parser\v3\swagger-parser\2.1.14\swagger-parser-2.1.14.jar;C:\{path_to_local_repo}\.m2\repository\io\swagger\parser\v3\swagger-parser-v2-converter\2.1.14\swagger-parser-v2-converter-2.1.14.jar;C:\{path_to_local_repo}\.m2\repository\io\swagger\core\v3\swagger-models\2.2.10\swagger-models-2.2.10.jar;C:\{path_to_local_repo}\.m2\repository\io\swagger\parser\v3\swagger-parser-core\2.1.14\swagger-parser-core-2.1.14.jar;C:\{path_to_local_repo}\.m2\repository\io\swagger\parser\v3\swagger-parser-v3\2.1.14\swagger-parser-v3-2.1.14.jar;C:\{path_to_local_repo}\.m2\repository\io\swagger\core\v3\swagger-core\2.2.10\swagger-core-2.2.10.jar;C:\{path_to_local_repo}\.m2\repository\io\swagger\parser\v3\swagger-parser-safe-url-resolver\2.1.14\swagger-parser-safe-url-resolver-2.1.14.jar;C:\{path_to_local_repo}\.m2\repository\io\swagger\swagger-codegen\2.4.32\swagger-codegen-2.4.32.jar;C:\{path_to_local_repo}\.m2\repository\io\swagger\swagger-compat-spec-parser\1.0.66\swagger-compat-spec-parser-1.0.66.jar;C:\{path_to_local_repo}\.m2\repository\com\github\java-json-tools\json-schema-validator\2.2.14\json-schema-validator-2.2.14.jar;C:\{path_to_local_repo}\.m2\repository\com\github\java-json-tools\jackson-coreutils-equivalence\1.0\jackson-coreutils-equivalence-1.0.jar;C:\{path_to_local_repo}\.m2\repository\com\github\java-json-tools\json-schema-core\1.2.14\json-schema-core-1.2.14.jar;C:\{path_to_local_repo}\.m2\repository\com\github\java-json-tools\uri-template\0.10\uri-template-0.10.jar;C:\{path_to_local_repo}\.m2\repository\org\mozilla\rhino\1.7.7.2\rhino-1.7.7.2.jar;C:\{path_to_local_repo}\.m2\repository\com\sun\mail\mailapi\1.6.2\mailapi-1.6.2.jar;C:\{path_to_local_repo}\.m2\repository\joda-time\joda-time\2.10.5\joda-time-2.10.5.jar;C:\{path_to_local_repo}\.m2\repository\com\googlecode\libphonenumber\libphonenumber\8.11.1\libphonenumber-8.11.1.jar;C:\{path_to_local_repo}\.m2\repository\net\sf\jopt-simple\jopt-simple\5.0.4\jopt-simple-5.0.4.jar;C:\{path_to_local_repo}\.m2\repository\com\github\java-json-tools\json-patch\1.13\json-patch-1.13.jar;C:\{path_to_local_repo}\.m2\repository\com\github\java-json-tools\msg-simple\1.2\msg-simple-1.2.jar;C:\{path_to_local_repo}\.m2\repository\com\github\java-json-tools\btf\1.3\btf-1.3.jar;C:\{path_to_local_repo}\.m2\repository\com\github\java-json-tools\jackson-coreutils\2.0\jackson-coreutils-2.0.jar;C:\{path_to_local_repo}\.m2\repository\org\json\json\20230227\json-20230227.jar;C:\{path_to_local_repo}\.m2\repository\com\samskivert\jmustache\1.15\jmustache-1.15.jar;C:\{path_to_local_repo}\.m2\repository\commons-io\commons-io\2.11.0\commons-io-2.11.0.jar;C:\{path_to_local_repo}\.m2\repository\org\slf4j\slf4j-ext\2.0.4\slf4j-ext-2.0.4.jar;C:\{path_to_local_repo}\.m2\repository\ch\qos\logback\logback-classic\1.4.5\logback-classic-1.4.5.jar;C:\{path_to_local_repo}\.m2\repository\ch\qos\logback\logback-core\1.4.5\logback-core-1.4.5.jar;C:\{path_to_local_repo}\.m2\repository\commons-cli\commons-cli\1.5.0\commons-cli-1.5.0.jar;C:\{path_to_local_repo}\.m2\repository\com\google\guava\guava\31.1-jre\guava-31.1-jre.jar;C:\{path_to_local_repo}\.m2\repository\com\google\guava\failureaccess\1.0.1\failureaccess-1.0.1.jar;C:\{path_to_local_repo}\.m2\repository\com\google\guava\listenablefuture\9999.0-empty-to-avoid-conflict-with-guava\listenablefuture-9999.0-empty-to-avoid-conflict-with-guava.jar;C:\{path_to_local_repo}\.m2\repository\com\google\code\findbugs\jsr305\3.0.2\jsr305-3.0.2.jar;C:\{path_to_local_repo}\.m2\repository\org\checkerframework\checker-qual\3.12.0\checker-qual-3.12.0.jar;C:\{path_to_local_repo}\.m2\repository\com\google\errorprone\error_prone_annotations\2.11.0\error_prone_annotations-2.11.0.jar;C:\{path_to_local_repo}\.m2\repository\com\google\j2objc\j2objc-annotations\1.3\j2objc-annotations-1.3.jar;C:\{path_to_local_repo}\.m2\repository\com\github\jknack\handlebars\4.3.1\handlebars-4.3.1.jar;C:\{path_to_local_repo}\.m2\repository\org\commonmark\commonmark\0.17.0\commonmark-0.17.0.jar;C:\{path_to_local_repo}\.m2\repository\io\swagger\codegen\v3\swagger-codegen-generators\1.0.42\swagger-codegen-generators-1.0.42.jar;C:\{path_to_local_repo}\.m2\repository\io\swagger\core\v3\swagger-annotations\2.2.11\swagger-annotations-2.2.11.jar;C:\{path_to_local_repo}\.m2\repository\io\swagger\core\v3\swagger-maven-plugin-jakarta\2.2.11\swagger-maven-plugin-jakarta-2.2.11.jar;C:\{path_to_local_repo}\.m2\repository\org\apache\commons\commons-lang3\3.12.0\commons-lang3-3.12.0.jar;C:\{path_to_local_repo}\.m2\repository\org\codehaus\plexus\plexus-utils\3.5.0\plexus-utils-3.5.0.jar;C:\{path_to_local_repo}\.m2\repository\org\codehaus\plexus\plexus-component-annotations\2.1.0\plexus-component-annotations-2.1.0.jar;C:\{path_to_local_repo}\.m2\repository\io\swagger\core\v3\swagger-jaxrs2-jakarta\2.2.11\swagger-jaxrs2-jakarta-2.2.11.jar;C:\{path_to_local_repo}\.m2\repository\io\github\classgraph\classgraph\4.8.154\classgraph-4.8.154.jar;C:\{path_to_local_repo}\.m2\repository\org\javassist\javassist\3.29.2-GA\javassist-3.29.2-GA.jar;C:\{path_to_local_repo}\.m2\repository\io\swagger\core\v3\swagger-models-jakarta\2.2.11\swagger-models-jakarta-2.2.11.jar;C:\{path_to_local_repo}\.m2\repository\io\swagger\core\v3\swagger-annotations-jakarta\2.2.11\swagger-annotations-jakarta-2.2.11.jar;C:\{path_to_local_repo}\.m2\repository\io\swagger\core\v3\swagger-integration-jakarta\2.2.11\swagger-integration-jakarta-2.2.11.jar;C:\{path_to_local_repo}\.m2\repository\com\fasterxml\jackson\jakarta\rs\jackson-jakarta-rs-json-provider\2.14.1\jackson-jakarta-rs-json-provider-2.14.1.jar;C:\{path_to_local_repo}\.m2\repository\com\fasterxml\jackson\jakarta\rs\jackson-jakarta-rs-base\2.14.1\jackson-jakarta-rs-base-2.14.1.jar;C:\{path_to_local_repo}\.m2\repository\com\fasterxml\jackson\module\jackson-module-jakarta-xmlbind-annotations\2.14.1\jackson-module-jakarta-xmlbind-annotations-2.14.1.jar;C:\{path_to_local_repo}\.m2\repository\org\mapstruct\mapstruct\1.5.5.Final\mapstruct-1.5.5.Final.jar;C:\{path_to_local_repo}\.m2\repository\io\cucumber\cucumber-java\7.11.1\cucumber-java-7.11.1.jar;C:\{path_to_local_repo}\.m2\repository\io\cucumber\cucumber-core\7.11.1\cucumber-core-7.11.1.jar;C:\{path_to_local_repo}\.m2\repository\io\cucumber\cucumber-gherkin\7.11.1\cucumber-gherkin-7.11.1.jar;C:\{path_to_local_repo}\.m2\repository\io\cucumber\cucumber-gherkin-messages\7.11.1\cucumber-gherkin-messages-7.11.1.jar;C:\{path_to_local_repo}\.m2\repository\io\cucumber\gherkin\26.0.3\gherkin-26.0.3.jar;C:\{path_to_local_repo}\.m2\repository\io\cucumber\messages\21.0.1\messages-21.0.1.jar;C:\{path_to_local_repo}\.m2\repository\io\cucumber\tag-expressions\5.0.1\tag-expressions-5.0.1.jar;C:\{path_to_local_repo}\.m2\repository\io\cucumber\cucumber-expressions\16.1.2\cucumber-expressions-16.1.2.jar;C:\{path_to_local_repo}\.m2\repository\io\cucumber\datatable\7.11.1\datatable-7.11.1.jar;C:\{path_to_local_repo}\.m2\repository\io\cucumber\cucumber-plugin\7.11.1\cucumber-plugin-7.11.1.jar;C:\{path_to_local_repo}\.m2\repository\io\cucumber\docstring\7.11.1\docstring-7.11.1.jar;C:\{path_to_local_repo}\.m2\repository\io\cucumber\html-formatter\20.2.1\html-formatter-20.2.1.jar;C:\{path_to_local_repo}\.m2\repository\io\cucumber\junit-xml-formatter\0.1.0\junit-xml-formatter-0.1.0.jar;C:\{path_to_local_repo}\.m2\repository\io\cucumber\ci-environment\9.1.0\ci-environment-9.1.0.jar;C:\{path_to_local_repo}\.m2\repository\org\apiguardian\apiguardian-api\1.1.2\apiguardian-api-1.1.2.jar;C:\{path_to_local_repo}\.m2\repository\io\cucumber\cucumber-spring\7.11.1\cucumber-spring-7.11.1.jar;C:\{path_to_local_repo}\.m2\repository\io\cucumber\cucumber-junit-platform-engine\7.11.1\cucumber-junit-platform-engine-7.11.1.jar;C:\{path_to_local_repo}\.m2\repository\org\junit\platform\junit-platform-engine\1.9.1\junit-platform-engine-1.9.1.jar;C:\{path_to_local_repo}\.m2\repository\org\opentest4j\opentest4j\1.2.0\opentest4j-1.2.0.jar;C:\{path_to_local_repo}\.m2\repository\org\junit\platform\junit-platform-commons\1.9.1\junit-platform-commons-1.9.1.jar;C:\{path_to_local_repo}\.m2\repository\org\junit\platform\junit-platform-suite\1.9.1\junit-platform-suite-1.9.1.jar;C:\{path_to_local_repo}\.m2\repository\org\junit\platform\junit-platform-suite-api\1.9.1\junit-platform-suite-api-1.9.1.jar;C:\{path_to_local_repo}\.m2\repository\org\junit\platform\junit-platform-suite-engine\1.9.1\junit-platform-suite-engine-1.9.1.jar;C:\{path_to_local_repo}\.m2\repository\org\junit\platform\junit-platform-suite-commons\1.9.1\junit-platform-suite-commons-1.9.1.jar;C:\{path_to_local_repo}\.m2\repository\org\junit\platform\junit-platform-launcher\1.9.1\junit-platform-launcher-1.9.1.jar;C:\{path_to_local_repo}\.m2\repository\org\hibernate\validator\hibernate-validator\8.0.1.Final\hibernate-validator-8.0.1.Final.jar;C:\{path_to_local_repo}\.m2\repository\org\jboss\logging\jboss-logging\3.5.0.Final\jboss-logging-3.5.0.Final.jar;C:\{path_to_local_repo}\.m2\repository\com\fasterxml\classmate\1.5.1\classmate-1.5.1.jar;C:\{path_to_local_repo}\.m2\repository\jakarta\validation\jakarta.validation-api\3.0.2\jakarta.validation-api-3.0.2.jar;"/>
    <property name="java.vm.vendor" value="Oracle Corporation"/>
    <property name="sun.arch.data.model" value="64"/>
    <property name="user.variant" value=""/>
    <property name="java.vendor.url" value="https://java.oracle.com/"/>
    <property name="user.timezone" value="Europe/Madrid"/>
    <property name="os.name" value="Windows 10"/>
    <property name="java.vm.specification.version" value="17"/>
    <property name="sun.java.launcher" value="SUN_STANDARD"/>
    <property name="user.country" value="ES"/>
    <property name="sun.boot.library.path" value="C:\Users\X912229\.jdks\jdk-17.0.9\bin"/>
    <property name="sun.java.command" value="C:\Users\X912229\AppData\Local\Temp\surefire9517311625007248100\surefirebooter7635871816290628980.jar C:\Users\X912229\AppData\Local\Temp\surefire9517311625007248100 2024-04-21T18-34-26_037-jvmRun1 surefire13596405781081229522tmp surefire_014307040452464065998tmp"/>
    <property name="jdk.debug" value="release"/>
    <property name="surefire.test.class.path" value="C:\Projects\prices-manager\target\test-classes;C:\Projects\prices-manager\target\classes;C:\{path_to_local_repo}\.m2\repository\org\springframework\boot\spring-boot-starter-web\3.0.0\spring-boot-starter-web-3.0.0.jar;C:\{path_to_local_repo}\.m2\repository\org\springframework\boot\spring-boot-starter\3.0.0\spring-boot-starter-3.0.0.jar;C:\{path_to_local_repo}\.m2\repository\org\springframework\boot\spring-boot\3.0.0\spring-boot-3.0.0.jar;C:\{path_to_local_repo}\.m2\repository\org\springframework\boot\spring-boot-autoconfigure\3.0.0\spring-boot-autoconfigure-3.0.0.jar;C:\{path_to_local_repo}\.m2\repository\org\springframework\boot\spring-boot-starter-logging\3.0.0\spring-boot-starter-logging-3.0.0.jar;C:\{path_to_local_repo}\.m2\repository\org\apache\logging\log4j\log4j-to-slf4j\2.19.0\log4j-to-slf4j-2.19.0.jar;C:\{path_to_local_repo}\.m2\repository\org\apache\logging\log4j\log4j-api\2.19.0\log4j-api-2.19.0.jar;C:\{path_to_local_repo}\.m2\repository\org\slf4j\jul-to-slf4j\2.0.4\jul-to-slf4j-2.0.4.jar;C:\{path_to_local_repo}\.m2\repository\jakarta\annotation\jakarta.annotation-api\2.1.1\jakarta.annotation-api-2.1.1.jar;C:\{path_to_local_repo}\.m2\repository\org\yaml\snakeyaml\1.33\snakeyaml-1.33.jar;C:\{path_to_local_repo}\.m2\repository\org\springframework\boot\spring-boot-starter-json\3.0.0\spring-boot-starter-json-3.0.0.jar;C:\{path_to_local_repo}\.m2\repository\com\fasterxml\jackson\datatype\jackson-datatype-jdk8\2.14.1\jackson-datatype-jdk8-2.14.1.jar;C:\{path_to_local_repo}\.m2\repository\com\fasterxml\jackson\datatype\jackson-datatype-jsr310\2.14.1\jackson-datatype-jsr310-2.14.1.jar;C:\{path_to_local_repo}\.m2\repository\com\fasterxml\jackson\module\jackson-module-parameter-names\2.14.1\jackson-module-parameter-names-2.14.1.jar;C:\{path_to_local_repo}\.m2\repository\org\springframework\boot\spring-boot-starter-tomcat\3.0.0\spring-boot-starter-tomcat-3.0.0.jar;C:\{path_to_local_repo}\.m2\repository\org\apache\tomcat\embed\tomcat-embed-core\10.1.1\tomcat-embed-core-10.1.1.jar;C:\{path_to_local_repo}\.m2\repository\org\apache\tomcat\embed\tomcat-embed-el\10.1.1\tomcat-embed-el-10.1.1.jar;C:\{path_to_local_repo}\.m2\repository\org\apache\tomcat\embed\tomcat-embed-websocket\10.1.1\tomcat-embed-websocket-10.1.1.jar;C:\{path_to_local_repo}\.m2\repository\org\springframework\spring-web\6.0.2\spring-web-6.0.2.jar;C:\{path_to_local_repo}\.m2\repository\org\springframework\spring-beans\6.0.2\spring-beans-6.0.2.jar;C:\{path_to_local_repo}\.m2\repository\io\micrometer\micrometer-observation\1.10.2\micrometer-observation-1.10.2.jar;C:\{path_to_local_repo}\.m2\repository\io\micrometer\micrometer-commons\1.10.2\micrometer-commons-1.10.2.jar;C:\{path_to_local_repo}\.m2\repository\org\springframework\spring-webmvc\6.0.2\spring-webmvc-6.0.2.jar;C:\{path_to_local_repo}\.m2\repository\org\springframework\spring-aop\6.0.2\spring-aop-6.0.2.jar;C:\{path_to_local_repo}\.m2\repository\org\springframework\spring-context\6.0.2\spring-context-6.0.2.jar;C:\{path_to_local_repo}\.m2\repository\org\springframework\spring-expression\6.0.2\spring-expression-6.0.2.jar;C:\{path_to_local_repo}\.m2\repository\org\springframework\boot\spring-boot-starter-data-jpa\3.0.0\spring-boot-starter-data-jpa-3.0.0.jar;C:\{path_to_local_repo}\.m2\repository\org\springframework\boot\spring-boot-starter-aop\3.0.0\spring-boot-starter-aop-3.0.0.jar;C:\{path_to_local_repo}\.m2\repository\org\aspectj\aspectjweaver\1.9.9.1\aspectjweaver-1.9.9.1.jar;C:\{path_to_local_repo}\.m2\repository\org\springframework\boot\spring-boot-starter-jdbc\3.0.0\spring-boot-starter-jdbc-3.0.0.jar;C:\{path_to_local_repo}\.m2\repository\com\zaxxer\HikariCP\5.0.1\HikariCP-5.0.1.jar;C:\{path_to_local_repo}\.m2\repository\org\springframework\spring-jdbc\6.0.2\spring-jdbc-6.0.2.jar;C:\{path_to_local_repo}\.m2\repository\org\hibernate\orm\hibernate-core\6.1.5.Final\hibernate-core-6.1.5.Final.jar;C:\{path_to_local_repo}\.m2\repository\jakarta\persistence\jakarta.persistence-api\3.1.0\jakarta.persistence-api-3.1.0.jar;C:\{path_to_local_repo}\.m2\repository\jakarta\transaction\jakarta.transaction-api\2.0.1\jakarta.transaction-api-2.0.1.jar;C:\{path_to_local_repo}\.m2\repository\org\hibernate\common\hibernate-commons-annotations\6.0.2.Final\hibernate-commons-annotations-6.0.2.Final.jar;C:\{path_to_local_repo}\.m2\repository\org\jboss\jandex\2.4.2.Final\jandex-2.4.2.Final.jar;C:\{path_to_local_repo}\.m2\repository\net\bytebuddy\byte-buddy\1.12.19\byte-buddy-1.12.19.jar;C:\{path_to_local_repo}\.m2\repository\org\glassfish\jaxb\jaxb-runtime\4.0.1\jaxb-runtime-4.0.1.jar;C:\{path_to_local_repo}\.m2\repository\org\glassfish\jaxb\jaxb-core\4.0.1\jaxb-core-4.0.1.jar;C:\{path_to_local_repo}\.m2\repository\org\eclipse\angus\angus-activation\1.0.0\angus-activation-1.0.0.jar;C:\{path_to_local_repo}\.m2\repository\org\glassfish\jaxb\txw2\4.0.1\txw2-4.0.1.jar;C:\{path_to_local_repo}\.m2\repository\com\sun\istack\istack-commons-runtime\4.1.1\istack-commons-runtime-4.1.1.jar;C:\{path_to_local_repo}\.m2\repository\jakarta\inject\jakarta.inject-api\2.0.0\jakarta.inject-api-2.0.0.jar;C:\{path_to_local_repo}\.m2\repository\org\antlr\antlr4-runtime\4.10.1\antlr4-runtime-4.10.1.jar;C:\{path_to_local_repo}\.m2\repository\org\springframework\data\spring-data-jpa\3.0.0\spring-data-jpa-3.0.0.jar;C:\{path_to_local_repo}\.m2\repository\org\springframework\data\spring-data-commons\3.0.0\spring-data-commons-3.0.0.jar;C:\{path_to_local_repo}\.m2\repository\org\springframework\spring-orm\6.0.2\spring-orm-6.0.2.jar;C:\{path_to_local_repo}\.m2\repository\org\springframework\spring-tx\6.0.2\spring-tx-6.0.2.jar;C:\{path_to_local_repo}\.m2\repository\org\slf4j\slf4j-api\2.0.4\slf4j-api-2.0.4.jar;C:\{path_to_local_repo}\.m2\repository\org\springframework\spring-aspects\6.0.2\spring-aspects-6.0.2.jar;C:\{path_to_local_repo}\.m2\repository\com\h2database\h2\2.1.214\h2-2.1.214.jar;C:\{path_to_local_repo}\.m2\repository\org\projectlombok\lombok\1.18.24\lombok-1.18.24.jar;C:\{path_to_local_repo}\.m2\repository\org\springframework\boot\spring-boot-starter-test\3.0.0\spring-boot-starter-test-3.0.0.jar;C:\{path_to_local_repo}\.m2\repository\org\springframework\boot\spring-boot-test\3.0.0\spring-boot-test-3.0.0.jar;C:\{path_to_local_repo}\.m2\repository\org\springframework\boot\spring-boot-test-autoconfigure\3.0.0\spring-boot-test-autoconfigure-3.0.0.jar;C:\{path_to_local_repo}\.m2\repository\com\jayway\jsonpath\json-path\2.7.0\json-path-2.7.0.jar;C:\{path_to_local_repo}\.m2\repository\net\minidev\json-smart\2.4.8\json-smart-2.4.8.jar;C:\{path_to_local_repo}\.m2\repository\net\minidev\accessors-smart\2.4.8\accessors-smart-2.4.8.jar;C:\{path_to_local_repo}\.m2\repository\org\ow2\asm\asm\9.1\asm-9.1.jar;C:\{path_to_local_repo}\.m2\repository\jakarta\xml\bind\jakarta.xml.bind-api\4.0.0\jakarta.xml.bind-api-4.0.0.jar;C:\{path_to_local_repo}\.m2\repository\jakarta\activation\jakarta.activation-api\2.1.0\jakarta.activation-api-2.1.0.jar;C:\{path_to_local_repo}\.m2\repository\org\assertj\assertj-core\3.23.1\assertj-core-3.23.1.jar;C:\{path_to_local_repo}\.m2\repository\org\hamcrest\hamcrest\2.2\hamcrest-2.2.jar;C:\{path_to_local_repo}\.m2\repository\org\junit\jupiter\junit-jupiter\5.9.1\junit-jupiter-5.9.1.jar;C:\{path_to_local_repo}\.m2\repository\org\junit\jupiter\junit-jupiter-api\5.9.1\junit-jupiter-api-5.9.1.jar;C:\{path_to_local_repo}\.m2\repository\org\junit\jupiter\junit-jupiter-params\5.9.1\junit-jupiter-params-5.9.1.jar;C:\{path_to_local_repo}\.m2\repository\org\junit\jupiter\junit-jupiter-engine\5.9.1\junit-jupiter-engine-5.9.1.jar;C:\{path_to_local_repo}\.m2\repository\org\mockito\mockito-core\4.8.1\mockito-core-4.8.1.jar;C:\{path_to_local_repo}\.m2\repository\net\bytebuddy\byte-buddy-agent\1.12.19\byte-buddy-agent-1.12.19.jar;C:\{path_to_local_repo}\.m2\repository\org\objenesis\objenesis\3.2\objenesis-3.2.jar;C:\{path_to_local_repo}\.m2\repository\org\mockito\mockito-junit-jupiter\4.8.1\mockito-junit-jupiter-4.8.1.jar;C:\{path_to_local_repo}\.m2\repository\org\skyscreamer\jsonassert\1.5.1\jsonassert-1.5.1.jar;C:\{path_to_local_repo}\.m2\repository\org\springframework\spring-core\6.0.2\spring-core-6.0.2.jar;C:\{path_to_local_repo}\.m2\repository\org\springframework\spring-jcl\6.0.2\spring-jcl-6.0.2.jar;C:\{path_to_local_repo}\.m2\repository\org\springframework\spring-test\6.0.2\spring-test-6.0.2.jar;C:\{path_to_local_repo}\.m2\repository\org\xmlunit\xmlunit-core\2.9.0\xmlunit-core-2.9.0.jar;C:\{path_to_local_repo}\.m2\repository\org\springdoc\springdoc-openapi-starter-webmvc-ui\2.1.0\springdoc-openapi-starter-webmvc-ui-2.1.0.jar;C:\{path_to_local_repo}\.m2\repository\org\springdoc\springdoc-openapi-starter-webmvc-api\2.1.0\springdoc-openapi-starter-webmvc-api-2.1.0.jar;C:\{path_to_local_repo}\.m2\repository\org\springdoc\springdoc-openapi-starter-common\2.1.0\springdoc-openapi-starter-common-2.1.0.jar;C:\{path_to_local_repo}\.m2\repository\io\swagger\core\v3\swagger-core-jakarta\2.2.9\swagger-core-jakarta-2.2.9.jar;C:\{path_to_local_repo}\.m2\repository\com\fasterxml\jackson\dataformat\jackson-dataformat-yaml\2.14.1\jackson-dataformat-yaml-2.14.1.jar;C:\{path_to_local_repo}\.m2\repository\org\webjars\swagger-ui\4.18.2\swagger-ui-4.18.2.jar;C:\{path_to_local_repo}\.m2\repository\org\openapitools\jackson-databind-nullable\0.2.4\jackson-databind-nullable-0.2.4.jar;C:\{path_to_local_repo}\.m2\repository\com\fasterxml\jackson\core\jackson-databind\2.14.1\jackson-databind-2.14.1.jar;C:\{path_to_local_repo}\.m2\repository\com\fasterxml\jackson\core\jackson-annotations\2.14.1\jackson-annotations-2.14.1.jar;C:\{path_to_local_repo}\.m2\repository\com\fasterxml\jackson\core\jackson-core\2.14.1\jackson-core-2.14.1.jar;C:\{path_to_local_repo}\.m2\repository\io\swagger\codegen\v3\swagger-codegen-maven-plugin\3.0.46\swagger-codegen-maven-plugin-3.0.46.jar;C:\{path_to_local_repo}\.m2\repository\org\apache\maven\maven-core\3.2.5\maven-core-3.2.5.jar;C:\{path_to_local_repo}\.m2\repository\org\apache\maven\maven-model\3.2.5\maven-model-3.2.5.jar;C:\{path_to_local_repo}\.m2\repository\org\apache\maven\maven-settings\3.2.5\maven-settings-3.2.5.jar;C:\{path_to_local_repo}\.m2\repository\org\apache\maven\maven-settings-builder\3.2.5\maven-settings-builder-3.2.5.jar;C:\{path_to_local_repo}\.m2\repository\org\apache\maven\maven-repository-metadata\3.2.5\maven-repository-metadata-3.2.5.jar;C:\{path_to_local_repo}\.m2\repository\org\apache\maven\maven-artifact\3.2.5\maven-artifact-3.2.5.jar;C:\{path_to_local_repo}\.m2\repository\org\apache\maven\maven-model-builder\3.2.5\maven-model-builder-3.2.5.jar;C:\{path_to_local_repo}\.m2\repository\org\apache\maven\maven-aether-provider\3.2.5\maven-aether-provider-3.2.5.jar;C:\{path_to_local_repo}\.m2\repository\org\eclipse\aether\aether-spi\1.0.0.v20140518\aether-spi-1.0.0.v20140518.jar;C:\{path_to_local_repo}\.m2\repository\org\eclipse\aether\aether-impl\1.0.0.v20140518\aether-impl-1.0.0.v20140518.jar;C:\{path_to_local_repo}\.m2\repository\org\eclipse\aether\aether-api\1.0.0.v20140518\aether-api-1.0.0.v20140518.jar;C:\{path_to_local_repo}\.m2\repository\org\eclipse\aether\aether-util\1.0.0.v20140518\aether-util-1.0.0.v20140518.jar;C:\{path_to_local_repo}\.m2\repository\org\eclipse\sisu\org.eclipse.sisu.plexus\0.3.0.M1\org.eclipse.sisu.plexus-0.3.0.M1.jar;C:\{path_to_local_repo}\.m2\repository\javax\enterprise\cdi-api\1.0\cdi-api-1.0.jar;C:\{path_to_local_repo}\.m2\repository\javax\annotation\jsr250-api\1.0\jsr250-api-1.0.jar;C:\{path_to_local_repo}\.m2\repository\org\eclipse\sisu\org.eclipse.sisu.inject\0.3.0.M1\org.eclipse.sisu.inject-0.3.0.M1.jar;C:\{path_to_local_repo}\.m2\repository\org\sonatype\sisu\sisu-guice\3.2.3\sisu-guice-3.2.3-no_aop.jar;C:\{path_to_local_repo}\.m2\repository\javax\inject\javax.inject\1\javax.inject-1.jar;C:\{path_to_local_repo}\.m2\repository\aopalliance\aopalliance\1.0\aopalliance-1.0.jar;C:\{path_to_local_repo}\.m2\repository\org\codehaus\plexus\plexus-interpolation\1.21\plexus-interpolation-1.21.jar;C:\{path_to_local_repo}\.m2\repository\org\codehaus\plexus\plexus-classworlds\2.5.2\plexus-classworlds-2.5.2.jar;C:\{path_to_local_repo}\.m2\repository\org\sonatype\plexus\plexus-sec-dispatcher\1.3\plexus-sec-dispatcher-1.3.jar;C:\{path_to_local_repo}\.m2\repository\org\sonatype\plexus\plexus-cipher\1.4\plexus-cipher-1.4.jar;C:\{path_to_local_repo}\.m2\repository\org\apache\maven\maven-compat\3.2.5\maven-compat-3.2.5.jar;C:\{path_to_local_repo}\.m2\repository\org\apache\maven\wagon\wagon-provider-api\2.8\wagon-provider-api-2.8.jar;C:\{path_to_local_repo}\.m2\repository\org\apache\maven\maven-plugin-api\3.2.5\maven-plugin-api-3.2.5.jar;C:\{path_to_local_repo}\.m2\repository\org\apache\maven\plugin-tools\maven-plugin-annotations\3.4\maven-plugin-annotations-3.4.jar;C:\{path_to_local_repo}\.m2\repository\io\swagger\codegen\v3\swagger-codegen\3.0.46\swagger-codegen-3.0.46.jar;C:\{path_to_local_repo}\.m2\repository\io\swagger\swagger-parser\1.0.66\swagger-parser-1.0.66.jar;C:\{path_to_local_repo}\.m2\repository\io\swagger\swagger-core\1.6.11\swagger-core-1.6.11.jar;C:\{path_to_local_repo}\.m2\repository\io\swagger\swagger-models\1.6.11\swagger-models-1.6.11.jar;C:\{path_to_local_repo}\.m2\repository\io\swagger\swagger-annotations\1.6.11\swagger-annotations-1.6.11.jar;C:\{path_to_local_repo}\.m2\repository\javax\validation\validation-api\1.1.0.Final\validation-api-1.1.0.Final.jar;C:\{path_to_local_repo}\.m2\repository\io\swagger\parser\v3\swagger-parser\2.1.14\swagger-parser-2.1.14.jar;C:\{path_to_local_repo}\.m2\repository\io\swagger\parser\v3\swagger-parser-v2-converter\2.1.14\swagger-parser-v2-converter-2.1.14.jar;C:\{path_to_local_repo}\.m2\repository\io\swagger\core\v3\swagger-models\2.2.10\swagger-models-2.2.10.jar;C:\{path_to_local_repo}\.m2\repository\io\swagger\parser\v3\swagger-parser-core\2.1.14\swagger-parser-core-2.1.14.jar;C:\{path_to_local_repo}\.m2\repository\io\swagger\parser\v3\swagger-parser-v3\2.1.14\swagger-parser-v3-2.1.14.jar;C:\{path_to_local_repo}\.m2\repository\io\swagger\core\v3\swagger-core\2.2.10\swagger-core-2.2.10.jar;C:\{path_to_local_repo}\.m2\repository\io\swagger\parser\v3\swagger-parser-safe-url-resolver\2.1.14\swagger-parser-safe-url-resolver-2.1.14.jar;C:\{path_to_local_repo}\.m2\repository\io\swagger\swagger-codegen\2.4.32\swagger-codegen-2.4.32.jar;C:\{path_to_local_repo}\.m2\repository\io\swagger\swagger-compat-spec-parser\1.0.66\swagger-compat-spec-parser-1.0.66.jar;C:\{path_to_local_repo}\.m2\repository\com\github\java-json-tools\json-schema-validator\2.2.14\json-schema-validator-2.2.14.jar;C:\{path_to_local_repo}\.m2\repository\com\github\java-json-tools\jackson-coreutils-equivalence\1.0\jackson-coreutils-equivalence-1.0.jar;C:\{path_to_local_repo}\.m2\repository\com\github\java-json-tools\json-schema-core\1.2.14\json-schema-core-1.2.14.jar;C:\{path_to_local_repo}\.m2\repository\com\github\java-json-tools\uri-template\0.10\uri-template-0.10.jar;C:\{path_to_local_repo}\.m2\repository\org\mozilla\rhino\1.7.7.2\rhino-1.7.7.2.jar;C:\{path_to_local_repo}\.m2\repository\com\sun\mail\mailapi\1.6.2\mailapi-1.6.2.jar;C:\{path_to_local_repo}\.m2\repository\joda-time\joda-time\2.10.5\joda-time-2.10.5.jar;C:\{path_to_local_repo}\.m2\repository\com\googlecode\libphonenumber\libphonenumber\8.11.1\libphonenumber-8.11.1.jar;C:\{path_to_local_repo}\.m2\repository\net\sf\jopt-simple\jopt-simple\5.0.4\jopt-simple-5.0.4.jar;C:\{path_to_local_repo}\.m2\repository\com\github\java-json-tools\json-patch\1.13\json-patch-1.13.jar;C:\{path_to_local_repo}\.m2\repository\com\github\java-json-tools\msg-simple\1.2\msg-simple-1.2.jar;C:\{path_to_local_repo}\.m2\repository\com\github\java-json-tools\btf\1.3\btf-1.3.jar;C:\{path_to_local_repo}\.m2\repository\com\github\java-json-tools\jackson-coreutils\2.0\jackson-coreutils-2.0.jar;C:\{path_to_local_repo}\.m2\repository\org\json\json\20230227\json-20230227.jar;C:\{path_to_local_repo}\.m2\repository\com\samskivert\jmustache\1.15\jmustache-1.15.jar;C:\{path_to_local_repo}\.m2\repository\commons-io\commons-io\2.11.0\commons-io-2.11.0.jar;C:\{path_to_local_repo}\.m2\repository\org\slf4j\slf4j-ext\2.0.4\slf4j-ext-2.0.4.jar;C:\{path_to_local_repo}\.m2\repository\ch\qos\logback\logback-classic\1.4.5\logback-classic-1.4.5.jar;C:\{path_to_local_repo}\.m2\repository\ch\qos\logback\logback-core\1.4.5\logback-core-1.4.5.jar;C:\{path_to_local_repo}\.m2\repository\commons-cli\commons-cli\1.5.0\commons-cli-1.5.0.jar;C:\{path_to_local_repo}\.m2\repository\com\google\guava\guava\31.1-jre\guava-31.1-jre.jar;C:\{path_to_local_repo}\.m2\repository\com\google\guava\failureaccess\1.0.1\failureaccess-1.0.1.jar;C:\{path_to_local_repo}\.m2\repository\com\google\guava\listenablefuture\9999.0-empty-to-avoid-conflict-with-guava\listenablefuture-9999.0-empty-to-avoid-conflict-with-guava.jar;C:\{path_to_local_repo}\.m2\repository\com\google\code\findbugs\jsr305\3.0.2\jsr305-3.0.2.jar;C:\{path_to_local_repo}\.m2\repository\org\checkerframework\checker-qual\3.12.0\checker-qual-3.12.0.jar;C:\{path_to_local_repo}\.m2\repository\com\google\errorprone\error_prone_annotations\2.11.0\error_prone_annotations-2.11.0.jar;C:\{path_to_local_repo}\.m2\repository\com\google\j2objc\j2objc-annotations\1.3\j2objc-annotations-1.3.jar;C:\{path_to_local_repo}\.m2\repository\com\github\jknack\handlebars\4.3.1\handlebars-4.3.1.jar;C:\{path_to_local_repo}\.m2\repository\org\commonmark\commonmark\0.17.0\commonmark-0.17.0.jar;C:\{path_to_local_repo}\.m2\repository\io\swagger\codegen\v3\swagger-codegen-generators\1.0.42\swagger-codegen-generators-1.0.42.jar;C:\{path_to_local_repo}\.m2\repository\io\swagger\core\v3\swagger-annotations\2.2.11\swagger-annotations-2.2.11.jar;C:\{path_to_local_repo}\.m2\repository\io\swagger\core\v3\swagger-maven-plugin-jakarta\2.2.11\swagger-maven-plugin-jakarta-2.2.11.jar;C:\{path_to_local_repo}\.m2\repository\org\apache\commons\commons-lang3\3.12.0\commons-lang3-3.12.0.jar;C:\{path_to_local_repo}\.m2\repository\org\codehaus\plexus\plexus-utils\3.5.0\plexus-utils-3.5.0.jar;C:\{path_to_local_repo}\.m2\repository\org\codehaus\plexus\plexus-component-annotations\2.1.0\plexus-component-annotations-2.1.0.jar;C:\{path_to_local_repo}\.m2\repository\io\swagger\core\v3\swagger-jaxrs2-jakarta\2.2.11\swagger-jaxrs2-jakarta-2.2.11.jar;C:\{path_to_local_repo}\.m2\repository\io\github\classgraph\classgraph\4.8.154\classgraph-4.8.154.jar;C:\{path_to_local_repo}\.m2\repository\org\javassist\javassist\3.29.2-GA\javassist-3.29.2-GA.jar;C:\{path_to_local_repo}\.m2\repository\io\swagger\core\v3\swagger-models-jakarta\2.2.11\swagger-models-jakarta-2.2.11.jar;C:\{path_to_local_repo}\.m2\repository\io\swagger\core\v3\swagger-annotations-jakarta\2.2.11\swagger-annotations-jakarta-2.2.11.jar;C:\{path_to_local_repo}\.m2\repository\io\swagger\core\v3\swagger-integration-jakarta\2.2.11\swagger-integration-jakarta-2.2.11.jar;C:\{path_to_local_repo}\.m2\repository\com\fasterxml\jackson\jakarta\rs\jackson-jakarta-rs-json-provider\2.14.1\jackson-jakarta-rs-json-provider-2.14.1.jar;C:\{path_to_local_repo}\.m2\repository\com\fasterxml\jackson\jakarta\rs\jackson-jakarta-rs-base\2.14.1\jackson-jakarta-rs-base-2.14.1.jar;C:\{path_to_local_repo}\.m2\repository\com\fasterxml\jackson\module\jackson-module-jakarta-xmlbind-annotations\2.14.1\jackson-module-jakarta-xmlbind-annotations-2.14.1.jar;C:\{path_to_local_repo}\.m2\repository\org\mapstruct\mapstruct\1.5.5.Final\mapstruct-1.5.5.Final.jar;C:\{path_to_local_repo}\.m2\repository\io\cucumber\cucumber-java\7.11.1\cucumber-java-7.11.1.jar;C:\{path_to_local_repo}\.m2\repository\io\cucumber\cucumber-core\7.11.1\cucumber-core-7.11.1.jar;C:\{path_to_local_repo}\.m2\repository\io\cucumber\cucumber-gherkin\7.11.1\cucumber-gherkin-7.11.1.jar;C:\{path_to_local_repo}\.m2\repository\io\cucumber\cucumber-gherkin-messages\7.11.1\cucumber-gherkin-messages-7.11.1.jar;C:\{path_to_local_repo}\.m2\repository\io\cucumber\gherkin\26.0.3\gherkin-26.0.3.jar;C:\{path_to_local_repo}\.m2\repository\io\cucumber\messages\21.0.1\messages-21.0.1.jar;C:\{path_to_local_repo}\.m2\repository\io\cucumber\tag-expressions\5.0.1\tag-expressions-5.0.1.jar;C:\{path_to_local_repo}\.m2\repository\io\cucumber\cucumber-expressions\16.1.2\cucumber-expressions-16.1.2.jar;C:\{path_to_local_repo}\.m2\repository\io\cucumber\datatable\7.11.1\datatable-7.11.1.jar;C:\{path_to_local_repo}\.m2\repository\io\cucumber\cucumber-plugin\7.11.1\cucumber-plugin-7.11.1.jar;C:\{path_to_local_repo}\.m2\repository\io\cucumber\docstring\7.11.1\docstring-7.11.1.jar;C:\{path_to_local_repo}\.m2\repository\io\cucumber\html-formatter\20.2.1\html-formatter-20.2.1.jar;C:\{path_to_local_repo}\.m2\repository\io\cucumber\junit-xml-formatter\0.1.0\junit-xml-formatter-0.1.0.jar;C:\{path_to_local_repo}\.m2\repository\io\cucumber\ci-environment\9.1.0\ci-environment-9.1.0.jar;C:\{path_to_local_repo}\.m2\repository\org\apiguardian\apiguardian-api\1.1.2\apiguardian-api-1.1.2.jar;C:\{path_to_local_repo}\.m2\repository\io\cucumber\cucumber-spring\7.11.1\cucumber-spring-7.11.1.jar;C:\{path_to_local_repo}\.m2\repository\io\cucumber\cucumber-junit-platform-engine\7.11.1\cucumber-junit-platform-engine-7.11.1.jar;C:\{path_to_local_repo}\.m2\repository\org\junit\platform\junit-platform-engine\1.9.1\junit-platform-engine-1.9.1.jar;C:\{path_to_local_repo}\.m2\repository\org\opentest4j\opentest4j\1.2.0\opentest4j-1.2.0.jar;C:\{path_to_local_repo}\.m2\repository\org\junit\platform\junit-platform-commons\1.9.1\junit-platform-commons-1.9.1.jar;C:\{path_to_local_repo}\.m2\repository\org\junit\platform\junit-platform-suite\1.9.1\junit-platform-suite-1.9.1.jar;C:\{path_to_local_repo}\.m2\repository\org\junit\platform\junit-platform-suite-api\1.9.1\junit-platform-suite-api-1.9.1.jar;C:\{path_to_local_repo}\.m2\repository\org\junit\platform\junit-platform-suite-engine\1.9.1\junit-platform-suite-engine-1.9.1.jar;C:\{path_to_local_repo}\.m2\repository\org\junit\platform\junit-platform-suite-commons\1.9.1\junit-platform-suite-commons-1.9.1.jar;C:\{path_to_local_repo}\.m2\repository\org\junit\platform\junit-platform-launcher\1.9.1\junit-platform-launcher-1.9.1.jar;C:\{path_to_local_repo}\.m2\repository\org\hibernate\validator\hibernate-validator\8.0.1.Final\hibernate-validator-8.0.1.Final.jar;C:\{path_to_local_repo}\.m2\repository\org\jboss\logging\jboss-logging\3.5.0.Final\jboss-logging-3.5.0.Final.jar;C:\{path_to_local_repo}\.m2\repository\com\fasterxml\classmate\1.5.1\classmate-1.5.1.jar;C:\{path_to_local_repo}\.m2\repository\jakarta\validation\jakarta.validation-api\3.0.2\jakarta.validation-api-3.0.2.jar;"/>
    <property name="sun.cpu.endian" value="little"/>
    <property name="user.home" value="C:\Users\X912229"/>
    <property name="user.language" value="es"/>
    <property name="java.specification.vendor" value="Oracle Corporation"/>
    <property name="java.version.date" value="2023-10-17"/>
    <property name="java.home" value="C:\Users\X912229\.jdks\jdk-17.0.9"/>
    <property name="file.separator" value="\"/>
    <property name="basedir" value="C:\Projects\prices-manager"/>
    <property name="java.vm.compressedOopsMode" value="Zero based"/>
    <property name="line.separator" value="&#10;"/>
    <property name="java.vm.specification.vendor" value="Oracle Corporation"/>
    <property name="java.specification.name" value="Java Platform API Specification"/>
    <property name="surefire.real.class.path" value="C:\Users\X912229\AppData\Local\Temp\surefire9517311625007248100\surefirebooter7635871816290628980.jar"/>
    <property name="user.script" value=""/>
    <property name="sun.management.compiler" value="HotSpot 64-Bit Tiered Compilers"/>
    <property name="java.runtime.version" value="17.0.9+11-LTS-201"/>
    <property name="user.name" value="x912229"/>
    <property name="path.separator" value=";"/>
    <property name="os.version" value="10.0"/>
    <property name="java.runtime.name" value="Java(TM) SE Runtime Environment"/>
    <property name="file.encoding" value="Cp1252"/>
    <property name="java.vm.name" value="Java HotSpot(TM) 64-Bit Server VM"/>
    <property name="localRepository" value="C:\{path_to_local_repo}\.m2\repository"/>
    <property name="java.vendor.url.bug" value="https://bugreport.java.com/bugreport/"/>
    <property name="java.io.tmpdir" value="C:\Users\X912229\AppData\Local\Temp\"/>
    <property name="java.version" value="17.0.9"/>
    <property name="user.dir" value="C:\Projects\prices-manager"/>
    <property name="os.arch" value="amd64"/>
    <property name="java.vm.specification.name" value="Java Virtual Machine Specification"/>
    <property name="sun.os.patch.level" value=""/>
    <property name="native.encoding" value="Cp1252"/>
    <property name="java.library.path" value="C:\Users\X912229\.jdks\jdk-17.0.9\bin;C:\Windows\Sun\Java\bin;C:\Windows\system32;C:\Windows;C:\Program Files (x86)\Common Files\Oracle\Java\javapath;C:\Windows\system32;C:\Windows;C:\Windows\System32\Wbem;C:\Windows\System32\WindowsPowerShell\v1.0\;C:\Windows\System32\OpenSSH\;C:\Windows\CCM;C:\Program Files\WindowsPowerShell\Scripts\HP.ClientScriptLibrary;;C:\Program Files (x86)\apache-maven-3.9.0\bin;C:\Users\X912229\AppData\Local\Microsoft\WindowsApps;C:\Users\X912229\AppData\Local\GitHubDesktop\bin;C:\Users\X912229\.jdks\jdk-17.0.9\bin;C:\Users\X912229\AppData\Local\Programs\Git\cmd;;."/>
    <property name="java.vm.info" value="mixed mode, sharing"/>
    <property name="java.vendor" value="Oracle Corporation"/>
    <property name="java.vm.version" value="17.0.9+11-LTS-201"/>
    <property name="sun.io.unicode.encoding" value="UnicodeLittle"/>
    <property name="java.class.version" value="61.0"/>
  </properties>
  <testcase name="Example #1.1" classname="com.zara.spring.java.cucumber.CucumberGetPriceByDateTest" time="1.773"/>
  <testcase name="Example #1.2" classname="com.zara.spring.java.cucumber.CucumberGetPriceByDateTest" time="0.023"/>
  <testcase name="Example #1.3" classname="com.zara.spring.java.cucumber.CucumberGetPriceByDateTest" time="0.022"/>
  <testcase name="Example #1.4" classname="com.zara.spring.java.cucumber.CucumberGetPriceByDateTest" time="0.019"/>
  <testcase name="Example #1.5" classname="com.zara.spring.java.cucumber.CucumberGetPriceByDateTest" time="0.023"/>
</testsuite>