<?xml version="1.0" encoding="UTF-8"?>
<testsuite xmlns:xsi="http://www.w3.org/2001/XMLSchema-instance" xsi:noNamespaceSchemaLocation="https://maven.apache.org/surefire/maven-surefire-plugin/xsd/surefire-test-report-3.0.xsd" version="3.0" name="com.zara.spring.java.CucumberGetPriceByDateTest" time="2.571" tests="5" errors="0" skipped="0" failures="0">
  <properties>
    <property name="java.specification.version" value="17"/>
    <property name="sun.cpu.isalist" value="amd64"/>
    <property name="sun.jnu.encoding" value="Cp1252"/>
    <property name="java.class.path" value="C:\Users\Miguel Delgado\prices-manager\target\test-classes;C:\Users\Miguel Delgado\prices-manager\target\classes;C:\Users\Miguel Delgado\.m2\repository\org\springframework\boot\spring-boot-starter-web\3.2.3\spring-boot-starter-web-3.2.3.jar;C:\Users\Miguel Delgado\.m2\repository\org\springframework\boot\spring-boot-starter\3.2.3\spring-boot-starter-3.2.3.jar;C:\Users\Miguel Delgado\.m2\repository\org\springframework\boot\spring-boot\3.2.3\spring-boot-3.2.3.jar;C:\Users\Miguel Delgado\.m2\repository\org\springframework\boot\spring-boot-autoconfigure\3.2.3\spring-boot-autoconfigure-3.2.3.jar;C:\Users\Miguel Delgado\.m2\repository\org\springframework\boot\spring-boot-starter-logging\3.2.3\spring-boot-starter-logging-3.2.3.jar;C:\Users\Miguel Delgado\.m2\repository\org\apache\logging\log4j\log4j-to-slf4j\2.21.1\log4j-to-slf4j-2.21.1.jar;C:\Users\Miguel Delgado\.m2\repository\org\apache\logging\log4j\log4j-api\2.21.1\log4j-api-2.21.1.jar;C:\Users\Miguel Delgado\.m2\repository\org\slf4j\jul-to-slf4j\2.0.12\jul-to-slf4j-2.0.12.jar;C:\Users\Miguel Delgado\.m2\repository\jakarta\annotation\jakarta.annotation-api\2.1.1\jakarta.annotation-api-2.1.1.jar;C:\Users\Miguel Delgado\.m2\repository\org\yaml\snakeyaml\2.2\snakeyaml-2.2.jar;C:\Users\Miguel Delgado\.m2\repository\org\springframework\boot\spring-boot-starter-json\3.2.3\spring-boot-starter-json-3.2.3.jar;C:\Users\Miguel Delgado\.m2\repository\com\fasterxml\jackson\datatype\jackson-datatype-jdk8\2.15.4\jackson-datatype-jdk8-2.15.4.jar;C:\Users\Miguel Delgado\.m2\repository\com\fasterxml\jackson\datatype\jackson-datatype-jsr310\2.15.4\jackson-datatype-jsr310-2.15.4.jar;C:\Users\Miguel Delgado\.m2\repository\com\fasterxml\jackson\module\jackson-module-parameter-names\2.15.4\jackson-module-parameter-names-2.15.4.jar;C:\Users\Miguel Delgado\.m2\repository\org\springframework\boot\spring-boot-starter-tomcat\3.2.3\spring-boot-starter-tomcat-3.2.3.jar;C:\Users\Miguel Delgado\.m2\repository\org\apache\tomcat\embed\tomcat-embed-core\10.1.19\tomcat-embed-core-10.1.19.jar;C:\Users\Miguel Delgado\.m2\repository\org\apache\tomcat\embed\tomcat-embed-el\10.1.19\tomcat-embed-el-10.1.19.jar;C:\Users\Miguel Delgado\.m2\repository\org\apache\tomcat\embed\tomcat-embed-websocket\10.1.19\tomcat-embed-websocket-10.1.19.jar;C:\Users\Miguel Delgado\.m2\repository\org\springframework\spring-web\6.1.4\spring-web-6.1.4.jar;C:\Users\Miguel Delgado\.m2\repository\org\springframework\spring-beans\6.1.4\spring-beans-6.1.4.jar;C:\Users\Miguel Delgado\.m2\repository\io\micrometer\micrometer-observation\1.12.3\micrometer-observation-1.12.3.jar;C:\Users\Miguel Delgado\.m2\repository\io\micrometer\micrometer-commons\1.12.3\micrometer-commons-1.12.3.jar;C:\Users\Miguel Delgado\.m2\repository\org\springframework\spring-webmvc\6.1.4\spring-webmvc-6.1.4.jar;C:\Users\Miguel Delgado\.m2\repository\org\springframework\spring-aop\6.1.4\spring-aop-6.1.4.jar;C:\Users\Miguel Delgado\.m2\repository\org\springframework\spring-context\6.1.4\spring-context-6.1.4.jar;C:\Users\Miguel Delgado\.m2\repository\org\springframework\spring-expression\6.1.4\spring-expression-6.1.4.jar;C:\Users\Miguel Delgado\.m2\repository\org\springframework\boot\spring-boot-starter-data-jpa\3.2.3\spring-boot-starter-data-jpa-3.2.3.jar;C:\Users\Miguel Delgado\.m2\repository\org\springframework\boot\spring-boot-starter-aop\3.2.3\spring-boot-starter-aop-3.2.3.jar;C:\Users\Miguel Delgado\.m2\repository\org\aspectj\aspectjweaver\1.9.21\aspectjweaver-1.9.21.jar;C:\Users\Miguel Delgado\.m2\repository\org\springframework\boot\spring-boot-starter-jdbc\3.2.3\spring-boot-starter-jdbc-3.2.3.jar;C:\Users\Miguel Delgado\.m2\repository\com\zaxxer\HikariCP\5.0.1\HikariCP-5.0.1.jar;C:\Users\Miguel Delgado\.m2\repository\org\springframework\spring-jdbc\6.1.4\spring-jdbc-6.1.4.jar;C:\Users\Miguel Delgado\.m2\repository\org\hibernate\orm\hibernate-core\6.4.4.Final\hibernate-core-6.4.4.Final.jar;C:\Users\Miguel Delgado\.m2\repository\jakarta\persistence\jakarta.persistence-api\3.1.0\jakarta.persistence-api-3.1.0.jar;C:\Users\Miguel Delgado\.m2\repository\jakarta\transaction\jakarta.transaction-api\2.0.1\jakarta.transaction-api-2.0.1.jar;C:\Users\Miguel Delgado\.m2\repository\org\jboss\logging\jboss-logging\3.5.3.Final\jboss-logging-3.5.3.Final.jar;C:\Users\Miguel Delgado\.m2\repository\org\hibernate\common\hibernate-commons-annotations\6.0.6.Final\hibernate-commons-annotations-6.0.6.Final.jar;C:\Users\Miguel Delgado\.m2\repository\io\smallrye\jandex\3.1.2\jandex-3.1.2.jar;C:\Users\Miguel Delgado\.m2\repository\com\fasterxml\classmate\1.6.0\classmate-1.6.0.jar;C:\Users\Miguel Delgado\.m2\repository\net\bytebuddy\byte-buddy\1.14.12\byte-buddy-1.14.12.jar;C:\Users\Miguel Delgado\.m2\repository\org\glassfish\jaxb\jaxb-runtime\4.0.4\jaxb-runtime-4.0.4.jar;C:\Users\Miguel Delgado\.m2\repository\org\glassfish\jaxb\jaxb-core\4.0.4\jaxb-core-4.0.4.jar;C:\Users\Miguel Delgado\.m2\repository\org\eclipse\angus\angus-activation\2.0.1\angus-activation-2.0.1.jar;C:\Users\Miguel Delgado\.m2\repository\org\glassfish\jaxb\txw2\4.0.4\txw2-4.0.4.jar;C:\Users\Miguel Delgado\.m2\repository\com\sun\istack\istack-commons-runtime\4.1.2\istack-commons-runtime-4.1.2.jar;C:\Users\Miguel Delgado\.m2\repository\jakarta\inject\jakarta.inject-api\2.0.1\jakarta.inject-api-2.0.1.jar;C:\Users\Miguel Delgado\.m2\repository\org\antlr\antlr4-runtime\4.13.0\antlr4-runtime-4.13.0.jar;C:\Users\Miguel Delgado\.m2\repository\org\springframework\data\spring-data-jpa\3.2.3\spring-data-jpa-3.2.3.jar;C:\Users\Miguel Delgado\.m2\repository\org\springframework\data\spring-data-commons\3.2.3\spring-data-commons-3.2.3.jar;C:\Users\Miguel Delgado\.m2\repository\org\springframework\spring-orm\6.1.4\spring-orm-6.1.4.jar;C:\Users\Miguel Delgado\.m2\repository\org\springframework\spring-tx\6.1.4\spring-tx-6.1.4.jar;C:\Users\Miguel Delgado\.m2\repository\org\slf4j\slf4j-api\2.0.12\slf4j-api-2.0.12.jar;C:\Users\Miguel Delgado\.m2\repository\org\springframework\spring-aspects\6.1.4\spring-aspects-6.1.4.jar;C:\Users\Miguel Delgado\.m2\repository\com\h2database\h2\2.2.224\h2-2.2.224.jar;C:\Users\Miguel Delgado\.m2\repository\org\projectlombok\lombok\1.18.30\lombok-1.18.30.jar;C:\Users\Miguel Delgado\.m2\repository\org\springframework\boot\spring-boot-starter-test\3.2.3\spring-boot-starter-test-3.2.3.jar;C:\Users\Miguel Delgado\.m2\repository\org\springframework\boot\spring-boot-test\3.2.3\spring-boot-test-3.2.3.jar;C:\Users\Miguel Delgado\.m2\repository\org\springframework\boot\spring-boot-test-autoconfigure\3.2.3\spring-boot-test-autoconfigure-3.2.3.jar;C:\Users\Miguel Delgado\.m2\repository\com\jayway\jsonpath\json-path\2.9.0\json-path-2.9.0.jar;C:\Users\Miguel Delgado\.m2\repository\jakarta\xml\bind\jakarta.xml.bind-api\4.0.1\jakarta.xml.bind-api-4.0.1.jar;C:\Users\Miguel Delgado\.m2\repository\jakarta\activation\jakarta.activation-api\2.1.2\jakarta.activation-api-2.1.2.jar;C:\Users\Miguel Delgado\.m2\repository\net\minidev\json-smart\2.5.0\json-smart-2.5.0.jar;C:\Users\Miguel Delgado\.m2\repository\net\minidev\accessors-smart\2.5.0\accessors-smart-2.5.0.jar;C:\Users\Miguel Delgado\.m2\repository\org\ow2\asm\asm\9.3\asm-9.3.jar;C:\Users\Miguel Delgado\.m2\repository\org\assertj\assertj-core\3.24.2\assertj-core-3.24.2.jar;C:\Users\Miguel Delgado\.m2\repository\org\awaitility\awaitility\4.2.0\awaitility-4.2.0.jar;C:\Users\Miguel Delgado\.m2\repository\org\hamcrest\hamcrest\2.2\hamcrest-2.2.jar;C:\Users\Miguel Delgado\.m2\repository\org\junit\jupiter\junit-jupiter\5.10.2\junit-jupiter-5.10.2.jar;C:\Users\Miguel Delgado\.m2\repository\org\junit\jupiter\junit-jupiter-api\5.10.2\junit-jupiter-api-5.10.2.jar;C:\Users\Miguel Delgado\.m2\repository\org\junit\jupiter\junit-jupiter-params\5.10.2\junit-jupiter-params-5.10.2.jar;C:\Users\Miguel Delgado\.m2\repository\org\junit\jupiter\junit-jupiter-engine\5.10.2\junit-jupiter-engine-5.10.2.jar;C:\Users\Miguel Delgado\.m2\repository\org\mockito\mockito-core\5.7.0\mockito-core-5.7.0.jar;C:\Users\Miguel Delgado\.m2\repository\net\bytebuddy\byte-buddy-agent\1.14.12\byte-buddy-agent-1.14.12.jar;C:\Users\Miguel Delgado\.m2\repository\org\objenesis\objenesis\3.3\objenesis-3.3.jar;C:\Users\Miguel Delgado\.m2\repository\org\mockito\mockito-junit-jupiter\5.7.0\mockito-junit-jupiter-5.7.0.jar;C:\Users\Miguel Delgado\.m2\repository\org\skyscreamer\jsonassert\1.5.1\jsonassert-1.5.1.jar;C:\Users\Miguel Delgado\.m2\repository\com\vaadin\external\google\android-json\0.0.20131108.vaadin1\android-json-0.0.20131108.vaadin1.jar;C:\Users\Miguel Delgado\.m2\repository\org\springframework\spring-core\6.1.4\spring-core-6.1.4.jar;C:\Users\Miguel Delgado\.m2\repository\org\springframework\spring-jcl\6.1.4\spring-jcl-6.1.4.jar;C:\Users\Miguel Delgado\.m2\repository\org\springframework\spring-test\6.1.4\spring-test-6.1.4.jar;C:\Users\Miguel Delgado\.m2\repository\org\xmlunit\xmlunit-core\2.9.1\xmlunit-core-2.9.1.jar;C:\Users\Miguel Delgado\.m2\repository\org\springdoc\springdoc-openapi-starter-webmvc-ui\2.1.0\springdoc-openapi-starter-webmvc-ui-2.1.0.jar;C:\Users\Miguel Delgado\.m2\repository\org\springdoc\springdoc-openapi-starter-webmvc-api\2.1.0\springdoc-openapi-starter-webmvc-api-2.1.0.jar;C:\Users\Miguel Delgado\.m2\repository\org\springdoc\springdoc-openapi-starter-common\2.1.0\springdoc-openapi-starter-common-2.1.0.jar;C:\Users\Miguel Delgado\.m2\repository\io\swagger\core\v3\swagger-core-jakarta\2.2.9\swagger-core-jakarta-2.2.9.jar;C:\Users\Miguel Delgado\.m2\repository\jakarta\validation\jakarta.validation-api\3.0.2\jakarta.validation-api-3.0.2.jar;C:\Users\Miguel Delgado\.m2\repository\com\fasterxml\jackson\dataformat\jackson-dataformat-yaml\2.15.4\jackson-dataformat-yaml-2.15.4.jar;C:\Users\Miguel Delgado\.m2\repository\org\webjars\swagger-ui\4.18.2\swagger-ui-4.18.2.jar;C:\Users\Miguel Delgado\.m2\repository\org\openapitools\jackson-databind-nullable\0.2.4\jackson-databind-nullable-0.2.4.jar;C:\Users\Miguel Delgado\.m2\repository\com\fasterxml\jackson\core\jackson-databind\2.15.4\jackson-databind-2.15.4.jar;C:\Users\Miguel Delgado\.m2\repository\com\fasterxml\jackson\core\jackson-annotations\2.15.4\jackson-annotations-2.15.4.jar;C:\Users\Miguel Delgado\.m2\repository\com\fasterxml\jackson\core\jackson-core\2.15.4\jackson-core-2.15.4.jar;C:\Users\Miguel Delgado\.m2\repository\io\swagger\codegen\v3\swagger-codegen-maven-plugin\3.0.46\swagger-codegen-maven-plugin-3.0.46.jar;C:\Users\Miguel Delgado\.m2\repository\org\apache\maven\maven-core\3.2.5\maven-core-3.2.5.jar;C:\Users\Miguel Delgado\.m2\repository\org\apache\maven\maven-model\3.2.5\maven-model-3.2.5.jar;C:\Users\Miguel Delgado\.m2\repository\org\apache\maven\maven-settings\3.2.5\maven-settings-3.2.5.jar;C:\Users\Miguel Delgado\.m2\repository\org\apache\maven\maven-settings-builder\3.2.5\maven-settings-builder-3.2.5.jar;C:\Users\Miguel Delgado\.m2\repository\org\apache\maven\maven-repository-metadata\3.2.5\maven-repository-metadata-3.2.5.jar;C:\Users\Miguel Delgado\.m2\repository\org\apache\maven\maven-artifact\3.2.5\maven-artifact-3.2.5.jar;C:\Users\Miguel Delgado\.m2\repository\org\apache\maven\maven-model-builder\3.2.5\maven-model-builder-3.2.5.jar;C:\Users\Miguel Delgado\.m2\repository\org\apache\maven\maven-aether-provider\3.2.5\maven-aether-provider-3.2.5.jar;C:\Users\Miguel Delgado\.m2\repository\org\eclipse\aether\aether-spi\1.0.0.v20140518\aether-spi-1.0.0.v20140518.jar;C:\Users\Miguel Delgado\.m2\repository\org\eclipse\aether\aether-impl\1.0.0.v20140518\aether-impl-1.0.0.v20140518.jar;C:\Users\Miguel Delgado\.m2\repository\org\eclipse\aether\aether-api\1.0.0.v20140518\aether-api-1.0.0.v20140518.jar;C:\Users\Miguel Delgado\.m2\repository\org\eclipse\aether\aether-util\1.0.0.v20140518\aether-util-1.0.0.v20140518.jar;C:\Users\Miguel Delgado\.m2\repository\org\eclipse\sisu\org.eclipse.sisu.plexus\0.3.0.M1\org.eclipse.sisu.plexus-0.3.0.M1.jar;C:\Users\Miguel Delgado\.m2\repository\javax\enterprise\cdi-api\1.0\cdi-api-1.0.jar;C:\Users\Miguel Delgado\.m2\repository\javax\annotation\jsr250-api\1.0\jsr250-api-1.0.jar;C:\Users\Miguel Delgado\.m2\repository\org\eclipse\sisu\org.eclipse.sisu.inject\0.3.0.M1\org.eclipse.sisu.inject-0.3.0.M1.jar;C:\Users\Miguel Delgado\.m2\repository\org\sonatype\sisu\sisu-guice\3.2.3\sisu-guice-3.2.3-no_aop.jar;C:\Users\Miguel Delgado\.m2\repository\javax\inject\javax.inject\1\javax.inject-1.jar;C:\Users\Miguel Delgado\.m2\repository\aopalliance\aopalliance\1.0\aopalliance-1.0.jar;C:\Users\Miguel Delgado\.m2\repository\org\codehaus\plexus\plexus-interpolation\1.21\plexus-interpolation-1.21.jar;C:\Users\Miguel Delgado\.m2\repository\org\codehaus\plexus\plexus-classworlds\2.5.2\plexus-classworlds-2.5.2.jar;C:\Users\Miguel Delgado\.m2\repository\org\sonatype\plexus\plexus-sec-dispatcher\1.3\plexus-sec-dispatcher-1.3.jar;C:\Users\Miguel Delgado\.m2\repository\org\sonatype\plexus\plexus-cipher\1.4\plexus-cipher-1.4.jar;C:\Users\Miguel Delgado\.m2\repository\org\apache\maven\maven-compat\3.2.5\maven-compat-3.2.5.jar;C:\Users\Miguel Delgado\.m2\repository\org\apache\maven\wagon\wagon-provider-api\2.8\wagon-provider-api-2.8.jar;C:\Users\Miguel Delgado\.m2\repository\org\apache\maven\maven-plugin-api\3.2.5\maven-plugin-api-3.2.5.jar;C:\Users\Miguel Delgado\.m2\repository\org\apache\maven\plugin-tools\maven-plugin-annotations\3.9.0\maven-plugin-annotations-3.9.0.jar;C:\Users\Miguel Delgado\.m2\repository\io\swagger\codegen\v3\swagger-codegen\3.0.46\swagger-codegen-3.0.46.jar;C:\Users\Miguel Delgado\.m2\repository\io\swagger\swagger-parser\1.0.66\swagger-parser-1.0.66.jar;C:\Users\Miguel Delgado\.m2\repository\io\swagger\swagger-core\1.6.11\swagger-core-1.6.11.jar;C:\Users\Miguel Delgado\.m2\repository\io\swagger\swagger-models\1.6.11\swagger-models-1.6.11.jar;C:\Users\Miguel Delgado\.m2\repository\io\swagger\swagger-annotations\1.6.11\swagger-annotations-1.6.11.jar;C:\Users\Miguel Delgado\.m2\repository\javax\validation\validation-api\1.1.0.Final\validation-api-1.1.0.Final.jar;C:\Users\Miguel Delgado\.m2\repository\io\swagger\parser\v3\swagger-parser\2.1.14\swagger-parser-2.1.14.jar;C:\Users\Miguel Delgado\.m2\repository\io\swagger\parser\v3\swagger-parser-v2-converter\2.1.14\swagger-parser-v2-converter-2.1.14.jar;C:\Users\Miguel Delgado\.m2\repository\io\swagger\core\v3\swagger-models\2.2.10\swagger-models-2.2.10.jar;C:\Users\Miguel Delgado\.m2\repository\io\swagger\parser\v3\swagger-parser-core\2.1.14\swagger-parser-core-2.1.14.jar;C:\Users\Miguel Delgado\.m2\repository\io\swagger\parser\v3\swagger-parser-v3\2.1.14\swagger-parser-v3-2.1.14.jar;C:\Users\Miguel Delgado\.m2\repository\io\swagger\core\v3\swagger-core\2.2.10\swagger-core-2.2.10.jar;C:\Users\Miguel Delgado\.m2\repository\io\swagger\parser\v3\swagger-parser-safe-url-resolver\2.1.14\swagger-parser-safe-url-resolver-2.1.14.jar;C:\Users\Miguel Delgado\.m2\repository\io\swagger\swagger-codegen\2.4.32\swagger-codegen-2.4.32.jar;C:\Users\Miguel Delgado\.m2\repository\io\swagger\swagger-compat-spec-parser\1.0.66\swagger-compat-spec-parser-1.0.66.jar;C:\Users\Miguel Delgado\.m2\repository\com\github\java-json-tools\json-schema-validator\2.2.14\json-schema-validator-2.2.14.jar;C:\Users\Miguel Delgado\.m2\repository\com\github\java-json-tools\jackson-coreutils-equivalence\1.0\jackson-coreutils-equivalence-1.0.jar;C:\Users\Miguel Delgado\.m2\repository\com\github\java-json-tools\json-schema-core\1.2.14\json-schema-core-1.2.14.jar;C:\Users\Miguel Delgado\.m2\repository\com\github\java-json-tools\uri-template\0.10\uri-template-0.10.jar;C:\Users\Miguel Delgado\.m2\repository\org\mozilla\rhino\1.7.7.2\rhino-1.7.7.2.jar;C:\Users\Miguel Delgado\.m2\repository\com\sun\mail\mailapi\1.6.2\mailapi-1.6.2.jar;C:\Users\Miguel Delgado\.m2\repository\joda-time\joda-time\2.10.5\joda-time-2.10.5.jar;C:\Users\Miguel Delgado\.m2\repository\com\googlecode\libphonenumber\libphonenumber\8.11.1\libphonenumber-8.11.1.jar;C:\Users\Miguel Delgado\.m2\repository\net\sf\jopt-simple\jopt-simple\5.0.4\jopt-simple-5.0.4.jar;C:\Users\Miguel Delgado\.m2\repository\com\github\java-json-tools\json-patch\1.13\json-patch-1.13.jar;C:\Users\Miguel Delgado\.m2\repository\com\github\java-json-tools\msg-simple\1.2\msg-simple-1.2.jar;C:\Users\Miguel Delgado\.m2\repository\com\github\java-json-tools\btf\1.3\btf-1.3.jar;C:\Users\Miguel Delgado\.m2\repository\com\github\java-json-tools\jackson-coreutils\2.0\jackson-coreutils-2.0.jar;C:\Users\Miguel Delgado\.m2\repository\org\json\json\20230227\json-20230227.jar;C:\Users\Miguel Delgado\.m2\repository\com\samskivert\jmustache\1.15\jmustache-1.15.jar;C:\Users\Miguel Delgado\.m2\repository\commons-io\commons-io\2.11.0\commons-io-2.11.0.jar;C:\Users\Miguel Delgado\.m2\repository\org\slf4j\slf4j-ext\2.0.12\slf4j-ext-2.0.12.jar;C:\Users\Miguel Delgado\.m2\repository\ch\qos\logback\logback-classic\1.4.14\logback-classic-1.4.14.jar;C:\Users\Miguel Delgado\.m2\repository\ch\qos\logback\logback-core\1.4.14\logback-core-1.4.14.jar;C:\Users\Miguel Delgado\.m2\repository\commons-cli\commons-cli\1.5.0\commons-cli-1.5.0.jar;C:\Users\Miguel Delgado\.m2\repository\com\google\guava\guava\31.1-jre\guava-31.1-jre.jar;C:\Users\Miguel Delgado\.m2\repository\com\google\guava\failureaccess\1.0.1\failureaccess-1.0.1.jar;C:\Users\Miguel Delgado\.m2\repository\com\google\guava\listenablefuture\9999.0-empty-to-avoid-conflict-with-guava\listenablefuture-9999.0-empty-to-avoid-conflict-with-guava.jar;C:\Users\Miguel Delgado\.m2\repository\com\google\code\findbugs\jsr305\3.0.2\jsr305-3.0.2.jar;C:\Users\Miguel Delgado\.m2\repository\org\checkerframework\checker-qual\3.12.0\checker-qual-3.12.0.jar;C:\Users\Miguel Delgado\.m2\repository\com\google\errorprone\error_prone_annotations\2.11.0\error_prone_annotations-2.11.0.jar;C:\Users\Miguel Delgado\.m2\repository\com\google\j2objc\j2objc-annotations\1.3\j2objc-annotations-1.3.jar;C:\Users\Miguel Delgado\.m2\repository\com\github\jknack\handlebars\4.3.1\handlebars-4.3.1.jar;C:\Users\Miguel Delgado\.m2\repository\org\commonmark\commonmark\0.17.0\commonmark-0.17.0.jar;C:\Users\Miguel Delgado\.m2\repository\io\swagger\codegen\v3\swagger-codegen-generators\1.0.42\swagger-codegen-generators-1.0.42.jar;C:\Users\Miguel Delgado\.m2\repository\io\swagger\core\v3\swagger-annotations\2.2.11\swagger-annotations-2.2.11.jar;C:\Users\Miguel Delgado\.m2\repository\io\swagger\core\v3\swagger-maven-plugin-jakarta\2.2.11\swagger-maven-plugin-jakarta-2.2.11.jar;C:\Users\Miguel Delgado\.m2\repository\org\apache\commons\commons-lang3\3.13.0\commons-lang3-3.13.0.jar;C:\Users\Miguel Delgado\.m2\repository\org\codehaus\plexus\plexus-utils\3.5.0\plexus-utils-3.5.0.jar;C:\Users\Miguel Delgado\.m2\repository\org\codehaus\plexus\plexus-component-annotations\2.1.0\plexus-component-annotations-2.1.0.jar;C:\Users\Miguel Delgado\.m2\repository\io\swagger\core\v3\swagger-jaxrs2-jakarta\2.2.11\swagger-jaxrs2-jakarta-2.2.11.jar;C:\Users\Miguel Delgado\.m2\repository\io\github\classgraph\classgraph\4.8.154\classgraph-4.8.154.jar;C:\Users\Miguel Delgado\.m2\repository\org\javassist\javassist\3.29.2-GA\javassist-3.29.2-GA.jar;C:\Users\Miguel Delgado\.m2\repository\io\swagger\core\v3\swagger-models-jakarta\2.2.11\swagger-models-jakarta-2.2.11.jar;C:\Users\Miguel Delgado\.m2\repository\io\swagger\core\v3\swagger-annotations-jakarta\2.2.11\swagger-annotations-jakarta-2.2.11.jar;C:\Users\Miguel Delgado\.m2\repository\io\swagger\core\v3\swagger-integration-jakarta\2.2.11\swagger-integration-jakarta-2.2.11.jar;C:\Users\Miguel Delgado\.m2\repository\com\fasterxml\jackson\jakarta\rs\jackson-jakarta-rs-json-provider\2.15.4\jackson-jakarta-rs-json-provider-2.15.4.jar;C:\Users\Miguel Delgado\.m2\repository\com\fasterxml\jackson\jakarta\rs\jackson-jakarta-rs-base\2.15.4\jackson-jakarta-rs-base-2.15.4.jar;C:\Users\Miguel Delgado\.m2\repository\com\fasterxml\jackson\module\jackson-module-jakarta-xmlbind-annotations\2.15.4\jackson-module-jakarta-xmlbind-annotations-2.15.4.jar;C:\Users\Miguel Delgado\.m2\repository\org\mapstruct\mapstruct\1.5.5.Final\mapstruct-1.5.5.Final.jar;C:\Users\Miguel Delgado\.m2\repository\io\cucumber\cucumber-java\7.11.1\cucumber-java-7.11.1.jar;C:\Users\Miguel Delgado\.m2\repository\io\cucumber\cucumber-core\7.11.1\cucumber-core-7.11.1.jar;C:\Users\Miguel Delgado\.m2\repository\io\cucumber\cucumber-gherkin\7.11.1\cucumber-gherkin-7.11.1.jar;C:\Users\Miguel Delgado\.m2\repository\io\cucumber\cucumber-gherkin-messages\7.11.1\cucumber-gherkin-messages-7.11.1.jar;C:\Users\Miguel Delgado\.m2\repository\io\cucumber\gherkin\26.0.3\gherkin-26.0.3.jar;C:\Users\Miguel Delgado\.m2\repository\io\cucumber\messages\21.0.1\messages-21.0.1.jar;C:\Users\Miguel Delgado\.m2\repository\io\cucumber\tag-expressions\5.0.1\tag-expressions-5.0.1.jar;C:\Users\Miguel Delgado\.m2\repository\io\cucumber\cucumber-expressions\16.1.2\cucumber-expressions-16.1.2.jar;C:\Users\Miguel Delgado\.m2\repository\io\cucumber\datatable\7.11.1\datatable-7.11.1.jar;C:\Users\Miguel Delgado\.m2\repository\io\cucumber\cucumber-plugin\7.11.1\cucumber-plugin-7.11.1.jar;C:\Users\Miguel Delgado\.m2\repository\io\cucumber\docstring\7.11.1\docstring-7.11.1.jar;C:\Users\Miguel Delgado\.m2\repository\io\cucumber\html-formatter\20.2.1\html-formatter-20.2.1.jar;C:\Users\Miguel Delgado\.m2\repository\io\cucumber\junit-xml-formatter\0.1.0\junit-xml-formatter-0.1.0.jar;C:\Users\Miguel Delgado\.m2\repository\io\cucumber\ci-environment\9.1.0\ci-environment-9.1.0.jar;C:\Users\Miguel Delgado\.m2\repository\org\apiguardian\apiguardian-api\1.1.2\apiguardian-api-1.1.2.jar;C:\Users\Miguel Delgado\.m2\repository\io\cucumber\cucumber-spring\7.11.1\cucumber-spring-7.11.1.jar;C:\Users\Miguel Delgado\.m2\repository\io\cucumber\cucumber-junit-platform-engine\7.11.1\cucumber-junit-platform-engine-7.11.1.jar;C:\Users\Miguel Delgado\.m2\repository\org\junit\platform\junit-platform-engine\1.10.2\junit-platform-engine-1.10.2.jar;C:\Users\Miguel Delgado\.m2\repository\org\opentest4j\opentest4j\1.3.0\opentest4j-1.3.0.jar;C:\Users\Miguel Delgado\.m2\repository\org\junit\platform\junit-platform-commons\1.10.2\junit-platform-commons-1.10.2.jar;C:\Users\Miguel Delgado\.m2\repository\org\junit\platform\junit-platform-suite\1.10.2\junit-platform-suite-1.10.2.jar;C:\Users\Miguel Delgado\.m2\repository\org\junit\platform\junit-platform-suite-api\1.10.2\junit-platform-suite-api-1.10.2.jar;C:\Users\Miguel Delgado\.m2\repository\org\junit\platform\junit-platform-suite-engine\1.10.2\junit-platform-suite-engine-1.10.2.jar;C:\Users\Miguel Delgado\.m2\repository\org\junit\platform\junit-platform-suite-commons\1.10.2\junit-platform-suite-commons-1.10.2.jar;C:\Users\Miguel Delgado\.m2\repository\org\junit\platform\junit-platform-launcher\1.10.2\junit-platform-launcher-1.10.2.jar;"/>
    <property name="java.vm.vendor" value="Amazon.com Inc."/>
    <property name="sun.arch.data.model" value="64"/>
    <property name="user.variant" value=""/>
    <property name="java.vendor.url" value="https://aws.amazon.com/corretto/"/>
    <property name="user.timezone" value="Europe/Madrid"/>
    <property name="org.jboss.logging.provider" value="slf4j"/>
    <property name="os.name" value="Windows 11"/>
    <property name="java.vm.specification.version" value="17"/>
    <property name="sun.java.launcher" value="SUN_STANDARD"/>
    <property name="user.country" value="ES"/>
    <property name="sun.boot.library.path" value="C:\Program Files\amazon-corretto-17.0.10.7.1-windows-x64-jdk\jdk17.0.10_7\bin"/>
    <property name="sun.java.command" value="C:\Users\Miguel Delgado\AppData\Local\Temp\surefire13985579651158724902\surefirebooter-20240318095946854_3.jar C:\Users\Miguel Delgado\AppData\Local\Temp\surefire13985579651158724902 2024-03-18T09-59-46_753-jvmRun1 surefire-20240318095946854_1tmp surefire_0-20240318095946854_2tmp"/>
    <property name="jdk.debug" value="release"/>
    <property name="surefire.test.class.path" value="C:\Users\Miguel Delgado\prices-manager\target\test-classes;C:\Users\Miguel Delgado\prices-manager\target\classes;C:\Users\Miguel Delgado\.m2\repository\org\springframework\boot\spring-boot-starter-web\3.2.3\spring-boot-starter-web-3.2.3.jar;C:\Users\Miguel Delgado\.m2\repository\org\springframework\boot\spring-boot-starter\3.2.3\spring-boot-starter-3.2.3.jar;C:\Users\Miguel Delgado\.m2\repository\org\springframework\boot\spring-boot\3.2.3\spring-boot-3.2.3.jar;C:\Users\Miguel Delgado\.m2\repository\org\springframework\boot\spring-boot-autoconfigure\3.2.3\spring-boot-autoconfigure-3.2.3.jar;C:\Users\Miguel Delgado\.m2\repository\org\springframework\boot\spring-boot-starter-logging\3.2.3\spring-boot-starter-logging-3.2.3.jar;C:\Users\Miguel Delgado\.m2\repository\org\apache\logging\log4j\log4j-to-slf4j\2.21.1\log4j-to-slf4j-2.21.1.jar;C:\Users\Miguel Delgado\.m2\repository\org\apache\logging\log4j\log4j-api\2.21.1\log4j-api-2.21.1.jar;C:\Users\Miguel Delgado\.m2\repository\org\slf4j\jul-to-slf4j\2.0.12\jul-to-slf4j-2.0.12.jar;C:\Users\Miguel Delgado\.m2\repository\jakarta\annotation\jakarta.annotation-api\2.1.1\jakarta.annotation-api-2.1.1.jar;C:\Users\Miguel Delgado\.m2\repository\org\yaml\snakeyaml\2.2\snakeyaml-2.2.jar;C:\Users\Miguel Delgado\.m2\repository\org\springframework\boot\spring-boot-starter-json\3.2.3\spring-boot-starter-json-3.2.3.jar;C:\Users\Miguel Delgado\.m2\repository\com\fasterxml\jackson\datatype\jackson-datatype-jdk8\2.15.4\jackson-datatype-jdk8-2.15.4.jar;C:\Users\Miguel Delgado\.m2\repository\com\fasterxml\jackson\datatype\jackson-datatype-jsr310\2.15.4\jackson-datatype-jsr310-2.15.4.jar;C:\Users\Miguel Delgado\.m2\repository\com\fasterxml\jackson\module\jackson-module-parameter-names\2.15.4\jackson-module-parameter-names-2.15.4.jar;C:\Users\Miguel Delgado\.m2\repository\org\springframework\boot\spring-boot-starter-tomcat\3.2.3\spring-boot-starter-tomcat-3.2.3.jar;C:\Users\Miguel Delgado\.m2\repository\org\apache\tomcat\embed\tomcat-embed-core\10.1.19\tomcat-embed-core-10.1.19.jar;C:\Users\Miguel Delgado\.m2\repository\org\apache\tomcat\embed\tomcat-embed-el\10.1.19\tomcat-embed-el-10.1.19.jar;C:\Users\Miguel Delgado\.m2\repository\org\apache\tomcat\embed\tomcat-embed-websocket\10.1.19\tomcat-embed-websocket-10.1.19.jar;C:\Users\Miguel Delgado\.m2\repository\org\springframework\spring-web\6.1.4\spring-web-6.1.4.jar;C:\Users\Miguel Delgado\.m2\repository\org\springframework\spring-beans\6.1.4\spring-beans-6.1.4.jar;C:\Users\Miguel Delgado\.m2\repository\io\micrometer\micrometer-observation\1.12.3\micrometer-observation-1.12.3.jar;C:\Users\Miguel Delgado\.m2\repository\io\micrometer\micrometer-commons\1.12.3\micrometer-commons-1.12.3.jar;C:\Users\Miguel Delgado\.m2\repository\org\springframework\spring-webmvc\6.1.4\spring-webmvc-6.1.4.jar;C:\Users\Miguel Delgado\.m2\repository\org\springframework\spring-aop\6.1.4\spring-aop-6.1.4.jar;C:\Users\Miguel Delgado\.m2\repository\org\springframework\spring-context\6.1.4\spring-context-6.1.4.jar;C:\Users\Miguel Delgado\.m2\repository\org\springframework\spring-expression\6.1.4\spring-expression-6.1.4.jar;C:\Users\Miguel Delgado\.m2\repository\org\springframework\boot\spring-boot-starter-data-jpa\3.2.3\spring-boot-starter-data-jpa-3.2.3.jar;C:\Users\Miguel Delgado\.m2\repository\org\springframework\boot\spring-boot-starter-aop\3.2.3\spring-boot-starter-aop-3.2.3.jar;C:\Users\Miguel Delgado\.m2\repository\org\aspectj\aspectjweaver\1.9.21\aspectjweaver-1.9.21.jar;C:\Users\Miguel Delgado\.m2\repository\org\springframework\boot\spring-boot-starter-jdbc\3.2.3\spring-boot-starter-jdbc-3.2.3.jar;C:\Users\Miguel Delgado\.m2\repository\com\zaxxer\HikariCP\5.0.1\HikariCP-5.0.1.jar;C:\Users\Miguel Delgado\.m2\repository\org\springframework\spring-jdbc\6.1.4\spring-jdbc-6.1.4.jar;C:\Users\Miguel Delgado\.m2\repository\org\hibernate\orm\hibernate-core\6.4.4.Final\hibernate-core-6.4.4.Final.jar;C:\Users\Miguel Delgado\.m2\repository\jakarta\persistence\jakarta.persistence-api\3.1.0\jakarta.persistence-api-3.1.0.jar;C:\Users\Miguel Delgado\.m2\repository\jakarta\transaction\jakarta.transaction-api\2.0.1\jakarta.transaction-api-2.0.1.jar;C:\Users\Miguel Delgado\.m2\repository\org\jboss\logging\jboss-logging\3.5.3.Final\jboss-logging-3.5.3.Final.jar;C:\Users\Miguel Delgado\.m2\repository\org\hibernate\common\hibernate-commons-annotations\6.0.6.Final\hibernate-commons-annotations-6.0.6.Final.jar;C:\Users\Miguel Delgado\.m2\repository\io\smallrye\jandex\3.1.2\jandex-3.1.2.jar;C:\Users\Miguel Delgado\.m2\repository\com\fasterxml\classmate\1.6.0\classmate-1.6.0.jar;C:\Users\Miguel Delgado\.m2\repository\net\bytebuddy\byte-buddy\1.14.12\byte-buddy-1.14.12.jar;C:\Users\Miguel Delgado\.m2\repository\org\glassfish\jaxb\jaxb-runtime\4.0.4\jaxb-runtime-4.0.4.jar;C:\Users\Miguel Delgado\.m2\repository\org\glassfish\jaxb\jaxb-core\4.0.4\jaxb-core-4.0.4.jar;C:\Users\Miguel Delgado\.m2\repository\org\eclipse\angus\angus-activation\2.0.1\angus-activation-2.0.1.jar;C:\Users\Miguel Delgado\.m2\repository\org\glassfish\jaxb\txw2\4.0.4\txw2-4.0.4.jar;C:\Users\Miguel Delgado\.m2\repository\com\sun\istack\istack-commons-runtime\4.1.2\istack-commons-runtime-4.1.2.jar;C:\Users\Miguel Delgado\.m2\repository\jakarta\inject\jakarta.inject-api\2.0.1\jakarta.inject-api-2.0.1.jar;C:\Users\Miguel Delgado\.m2\repository\org\antlr\antlr4-runtime\4.13.0\antlr4-runtime-4.13.0.jar;C:\Users\Miguel Delgado\.m2\repository\org\springframework\data\spring-data-jpa\3.2.3\spring-data-jpa-3.2.3.jar;C:\Users\Miguel Delgado\.m2\repository\org\springframework\data\spring-data-commons\3.2.3\spring-data-commons-3.2.3.jar;C:\Users\Miguel Delgado\.m2\repository\org\springframework\spring-orm\6.1.4\spring-orm-6.1.4.jar;C:\Users\Miguel Delgado\.m2\repository\org\springframework\spring-tx\6.1.4\spring-tx-6.1.4.jar;C:\Users\Miguel Delgado\.m2\repository\org\slf4j\slf4j-api\2.0.12\slf4j-api-2.0.12.jar;C:\Users\Miguel Delgado\.m2\repository\org\springframework\spring-aspects\6.1.4\spring-aspects-6.1.4.jar;C:\Users\Miguel Delgado\.m2\repository\com\h2database\h2\2.2.224\h2-2.2.224.jar;C:\Users\Miguel Delgado\.m2\repository\org\projectlombok\lombok\1.18.30\lombok-1.18.30.jar;C:\Users\Miguel Delgado\.m2\repository\org\springframework\boot\spring-boot-starter-test\3.2.3\spring-boot-starter-test-3.2.3.jar;C:\Users\Miguel Delgado\.m2\repository\org\springframework\boot\spring-boot-test\3.2.3\spring-boot-test-3.2.3.jar;C:\Users\Miguel Delgado\.m2\repository\org\springframework\boot\spring-boot-test-autoconfigure\3.2.3\spring-boot-test-autoconfigure-3.2.3.jar;C:\Users\Miguel Delgado\.m2\repository\com\jayway\jsonpath\json-path\2.9.0\json-path-2.9.0.jar;C:\Users\Miguel Delgado\.m2\repository\jakarta\xml\bind\jakarta.xml.bind-api\4.0.1\jakarta.xml.bind-api-4.0.1.jar;C:\Users\Miguel Delgado\.m2\repository\jakarta\activation\jakarta.activation-api\2.1.2\jakarta.activation-api-2.1.2.jar;C:\Users\Miguel Delgado\.m2\repository\net\minidev\json-smart\2.5.0\json-smart-2.5.0.jar;C:\Users\Miguel Delgado\.m2\repository\net\minidev\accessors-smart\2.5.0\accessors-smart-2.5.0.jar;C:\Users\Miguel Delgado\.m2\repository\org\ow2\asm\asm\9.3\asm-9.3.jar;C:\Users\Miguel Delgado\.m2\repository\org\assertj\assertj-core\3.24.2\assertj-core-3.24.2.jar;C:\Users\Miguel Delgado\.m2\repository\org\awaitility\awaitility\4.2.0\awaitility-4.2.0.jar;C:\Users\Miguel Delgado\.m2\repository\org\hamcrest\hamcrest\2.2\hamcrest-2.2.jar;C:\Users\Miguel Delgado\.m2\repository\org\junit\jupiter\junit-jupiter\5.10.2\junit-jupiter-5.10.2.jar;C:\Users\Miguel Delgado\.m2\repository\org\junit\jupiter\junit-jupiter-api\5.10.2\junit-jupiter-api-5.10.2.jar;C:\Users\Miguel Delgado\.m2\repository\org\junit\jupiter\junit-jupiter-params\5.10.2\junit-jupiter-params-5.10.2.jar;C:\Users\Miguel Delgado\.m2\repository\org\junit\jupiter\junit-jupiter-engine\5.10.2\junit-jupiter-engine-5.10.2.jar;C:\Users\Miguel Delgado\.m2\repository\org\mockito\mockito-core\5.7.0\mockito-core-5.7.0.jar;C:\Users\Miguel Delgado\.m2\repository\net\bytebuddy\byte-buddy-agent\1.14.12\byte-buddy-agent-1.14.12.jar;C:\Users\Miguel Delgado\.m2\repository\org\objenesis\objenesis\3.3\objenesis-3.3.jar;C:\Users\Miguel Delgado\.m2\repository\org\mockito\mockito-junit-jupiter\5.7.0\mockito-junit-jupiter-5.7.0.jar;C:\Users\Miguel Delgado\.m2\repository\org\skyscreamer\jsonassert\1.5.1\jsonassert-1.5.1.jar;C:\Users\Miguel Delgado\.m2\repository\com\vaadin\external\google\android-json\0.0.20131108.vaadin1\android-json-0.0.20131108.vaadin1.jar;C:\Users\Miguel Delgado\.m2\repository\org\springframework\spring-core\6.1.4\spring-core-6.1.4.jar;C:\Users\Miguel Delgado\.m2\repository\org\springframework\spring-jcl\6.1.4\spring-jcl-6.1.4.jar;C:\Users\Miguel Delgado\.m2\repository\org\springframework\spring-test\6.1.4\spring-test-6.1.4.jar;C:\Users\Miguel Delgado\.m2\repository\org\xmlunit\xmlunit-core\2.9.1\xmlunit-core-2.9.1.jar;C:\Users\Miguel Delgado\.m2\repository\org\springdoc\springdoc-openapi-starter-webmvc-ui\2.1.0\springdoc-openapi-starter-webmvc-ui-2.1.0.jar;C:\Users\Miguel Delgado\.m2\repository\org\springdoc\springdoc-openapi-starter-webmvc-api\2.1.0\springdoc-openapi-starter-webmvc-api-2.1.0.jar;C:\Users\Miguel Delgado\.m2\repository\org\springdoc\springdoc-openapi-starter-common\2.1.0\springdoc-openapi-starter-common-2.1.0.jar;C:\Users\Miguel Delgado\.m2\repository\io\swagger\core\v3\swagger-core-jakarta\2.2.9\swagger-core-jakarta-2.2.9.jar;C:\Users\Miguel Delgado\.m2\repository\jakarta\validation\jakarta.validation-api\3.0.2\jakarta.validation-api-3.0.2.jar;C:\Users\Miguel Delgado\.m2\repository\com\fasterxml\jackson\dataformat\jackson-dataformat-yaml\2.15.4\jackson-dataformat-yaml-2.15.4.jar;C:\Users\Miguel Delgado\.m2\repository\org\webjars\swagger-ui\4.18.2\swagger-ui-4.18.2.jar;C:\Users\Miguel Delgado\.m2\repository\org\openapitools\jackson-databind-nullable\0.2.4\jackson-databind-nullable-0.2.4.jar;C:\Users\Miguel Delgado\.m2\repository\com\fasterxml\jackson\core\jackson-databind\2.15.4\jackson-databind-2.15.4.jar;C:\Users\Miguel Delgado\.m2\repository\com\fasterxml\jackson\core\jackson-annotations\2.15.4\jackson-annotations-2.15.4.jar;C:\Users\Miguel Delgado\.m2\repository\com\fasterxml\jackson\core\jackson-core\2.15.4\jackson-core-2.15.4.jar;C:\Users\Miguel Delgado\.m2\repository\io\swagger\codegen\v3\swagger-codegen-maven-plugin\3.0.46\swagger-codegen-maven-plugin-3.0.46.jar;C:\Users\Miguel Delgado\.m2\repository\org\apache\maven\maven-core\3.2.5\maven-core-3.2.5.jar;C:\Users\Miguel Delgado\.m2\repository\org\apache\maven\maven-model\3.2.5\maven-model-3.2.5.jar;C:\Users\Miguel Delgado\.m2\repository\org\apache\maven\maven-settings\3.2.5\maven-settings-3.2.5.jar;C:\Users\Miguel Delgado\.m2\repository\org\apache\maven\maven-settings-builder\3.2.5\maven-settings-builder-3.2.5.jar;C:\Users\Miguel Delgado\.m2\repository\org\apache\maven\maven-repository-metadata\3.2.5\maven-repository-metadata-3.2.5.jar;C:\Users\Miguel Delgado\.m2\repository\org\apache\maven\maven-artifact\3.2.5\maven-artifact-3.2.5.jar;C:\Users\Miguel Delgado\.m2\repository\org\apache\maven\maven-model-builder\3.2.5\maven-model-builder-3.2.5.jar;C:\Users\Miguel Delgado\.m2\repository\org\apache\maven\maven-aether-provider\3.2.5\maven-aether-provider-3.2.5.jar;C:\Users\Miguel Delgado\.m2\repository\org\eclipse\aether\aether-spi\1.0.0.v20140518\aether-spi-1.0.0.v20140518.jar;C:\Users\Miguel Delgado\.m2\repository\org\eclipse\aether\aether-impl\1.0.0.v20140518\aether-impl-1.0.0.v20140518.jar;C:\Users\Miguel Delgado\.m2\repository\org\eclipse\aether\aether-api\1.0.0.v20140518\aether-api-1.0.0.v20140518.jar;C:\Users\Miguel Delgado\.m2\repository\org\eclipse\aether\aether-util\1.0.0.v20140518\aether-util-1.0.0.v20140518.jar;C:\Users\Miguel Delgado\.m2\repository\org\eclipse\sisu\org.eclipse.sisu.plexus\0.3.0.M1\org.eclipse.sisu.plexus-0.3.0.M1.jar;C:\Users\Miguel Delgado\.m2\repository\javax\enterprise\cdi-api\1.0\cdi-api-1.0.jar;C:\Users\Miguel Delgado\.m2\repository\javax\annotation\jsr250-api\1.0\jsr250-api-1.0.jar;C:\Users\Miguel Delgado\.m2\repository\org\eclipse\sisu\org.eclipse.sisu.inject\0.3.0.M1\org.eclipse.sisu.inject-0.3.0.M1.jar;C:\Users\Miguel Delgado\.m2\repository\org\sonatype\sisu\sisu-guice\3.2.3\sisu-guice-3.2.3-no_aop.jar;C:\Users\Miguel Delgado\.m2\repository\javax\inject\javax.inject\1\javax.inject-1.jar;C:\Users\Miguel Delgado\.m2\repository\aopalliance\aopalliance\1.0\aopalliance-1.0.jar;C:\Users\Miguel Delgado\.m2\repository\org\codehaus\plexus\plexus-interpolation\1.21\plexus-interpolation-1.21.jar;C:\Users\Miguel Delgado\.m2\repository\org\codehaus\plexus\plexus-classworlds\2.5.2\plexus-classworlds-2.5.2.jar;C:\Users\Miguel Delgado\.m2\repository\org\sonatype\plexus\plexus-sec-dispatcher\1.3\plexus-sec-dispatcher-1.3.jar;C:\Users\Miguel Delgado\.m2\repository\org\sonatype\plexus\plexus-cipher\1.4\plexus-cipher-1.4.jar;C:\Users\Miguel Delgado\.m2\repository\org\apache\maven\maven-compat\3.2.5\maven-compat-3.2.5.jar;C:\Users\Miguel Delgado\.m2\repository\org\apache\maven\wagon\wagon-provider-api\2.8\wagon-provider-api-2.8.jar;C:\Users\Miguel Delgado\.m2\repository\org\apache\maven\maven-plugin-api\3.2.5\maven-plugin-api-3.2.5.jar;C:\Users\Miguel Delgado\.m2\repository\org\apache\maven\plugin-tools\maven-plugin-annotations\3.9.0\maven-plugin-annotations-3.9.0.jar;C:\Users\Miguel Delgado\.m2\repository\io\swagger\codegen\v3\swagger-codegen\3.0.46\swagger-codegen-3.0.46.jar;C:\Users\Miguel Delgado\.m2\repository\io\swagger\swagger-parser\1.0.66\swagger-parser-1.0.66.jar;C:\Users\Miguel Delgado\.m2\repository\io\swagger\swagger-core\1.6.11\swagger-core-1.6.11.jar;C:\Users\Miguel Delgado\.m2\repository\io\swagger\swagger-models\1.6.11\swagger-models-1.6.11.jar;C:\Users\Miguel Delgado\.m2\repository\io\swagger\swagger-annotations\1.6.11\swagger-annotations-1.6.11.jar;C:\Users\Miguel Delgado\.m2\repository\javax\validation\validation-api\1.1.0.Final\validation-api-1.1.0.Final.jar;C:\Users\Miguel Delgado\.m2\repository\io\swagger\parser\v3\swagger-parser\2.1.14\swagger-parser-2.1.14.jar;C:\Users\Miguel Delgado\.m2\repository\io\swagger\parser\v3\swagger-parser-v2-converter\2.1.14\swagger-parser-v2-converter-2.1.14.jar;C:\Users\Miguel Delgado\.m2\repository\io\swagger\core\v3\swagger-models\2.2.10\swagger-models-2.2.10.jar;C:\Users\Miguel Delgado\.m2\repository\io\swagger\parser\v3\swagger-parser-core\2.1.14\swagger-parser-core-2.1.14.jar;C:\Users\Miguel Delgado\.m2\repository\io\swagger\parser\v3\swagger-parser-v3\2.1.14\swagger-parser-v3-2.1.14.jar;C:\Users\Miguel Delgado\.m2\repository\io\swagger\core\v3\swagger-core\2.2.10\swagger-core-2.2.10.jar;C:\Users\Miguel Delgado\.m2\repository\io\swagger\parser\v3\swagger-parser-safe-url-resolver\2.1.14\swagger-parser-safe-url-resolver-2.1.14.jar;C:\Users\Miguel Delgado\.m2\repository\io\swagger\swagger-codegen\2.4.32\swagger-codegen-2.4.32.jar;C:\Users\Miguel Delgado\.m2\repository\io\swagger\swagger-compat-spec-parser\1.0.66\swagger-compat-spec-parser-1.0.66.jar;C:\Users\Miguel Delgado\.m2\repository\com\github\java-json-tools\json-schema-validator\2.2.14\json-schema-validator-2.2.14.jar;C:\Users\Miguel Delgado\.m2\repository\com\github\java-json-tools\jackson-coreutils-equivalence\1.0\jackson-coreutils-equivalence-1.0.jar;C:\Users\Miguel Delgado\.m2\repository\com\github\java-json-tools\json-schema-core\1.2.14\json-schema-core-1.2.14.jar;C:\Users\Miguel Delgado\.m2\repository\com\github\java-json-tools\uri-template\0.10\uri-template-0.10.jar;C:\Users\Miguel Delgado\.m2\repository\org\mozilla\rhino\1.7.7.2\rhino-1.7.7.2.jar;C:\Users\Miguel Delgado\.m2\repository\com\sun\mail\mailapi\1.6.2\mailapi-1.6.2.jar;C:\Users\Miguel Delgado\.m2\repository\joda-time\joda-time\2.10.5\joda-time-2.10.5.jar;C:\Users\Miguel Delgado\.m2\repository\com\googlecode\libphonenumber\libphonenumber\8.11.1\libphonenumber-8.11.1.jar;C:\Users\Miguel Delgado\.m2\repository\net\sf\jopt-simple\jopt-simple\5.0.4\jopt-simple-5.0.4.jar;C:\Users\Miguel Delgado\.m2\repository\com\github\java-json-tools\json-patch\1.13\json-patch-1.13.jar;C:\Users\Miguel Delgado\.m2\repository\com\github\java-json-tools\msg-simple\1.2\msg-simple-1.2.jar;C:\Users\Miguel Delgado\.m2\repository\com\github\java-json-tools\btf\1.3\btf-1.3.jar;C:\Users\Miguel Delgado\.m2\repository\com\github\java-json-tools\jackson-coreutils\2.0\jackson-coreutils-2.0.jar;C:\Users\Miguel Delgado\.m2\repository\org\json\json\20230227\json-20230227.jar;C:\Users\Miguel Delgado\.m2\repository\com\samskivert\jmustache\1.15\jmustache-1.15.jar;C:\Users\Miguel Delgado\.m2\repository\commons-io\commons-io\2.11.0\commons-io-2.11.0.jar;C:\Users\Miguel Delgado\.m2\repository\org\slf4j\slf4j-ext\2.0.12\slf4j-ext-2.0.12.jar;C:\Users\Miguel Delgado\.m2\repository\ch\qos\logback\logback-classic\1.4.14\logback-classic-1.4.14.jar;C:\Users\Miguel Delgado\.m2\repository\ch\qos\logback\logback-core\1.4.14\logback-core-1.4.14.jar;C:\Users\Miguel Delgado\.m2\repository\commons-cli\commons-cli\1.5.0\commons-cli-1.5.0.jar;C:\Users\Miguel Delgado\.m2\repository\com\google\guava\guava\31.1-jre\guava-31.1-jre.jar;C:\Users\Miguel Delgado\.m2\repository\com\google\guava\failureaccess\1.0.1\failureaccess-1.0.1.jar;C:\Users\Miguel Delgado\.m2\repository\com\google\guava\listenablefuture\9999.0-empty-to-avoid-conflict-with-guava\listenablefuture-9999.0-empty-to-avoid-conflict-with-guava.jar;C:\Users\Miguel Delgado\.m2\repository\com\google\code\findbugs\jsr305\3.0.2\jsr305-3.0.2.jar;C:\Users\Miguel Delgado\.m2\repository\org\checkerframework\checker-qual\3.12.0\checker-qual-3.12.0.jar;C:\Users\Miguel Delgado\.m2\repository\com\google\errorprone\error_prone_annotations\2.11.0\error_prone_annotations-2.11.0.jar;C:\Users\Miguel Delgado\.m2\repository\com\google\j2objc\j2objc-annotations\1.3\j2objc-annotations-1.3.jar;C:\Users\Miguel Delgado\.m2\repository\com\github\jknack\handlebars\4.3.1\handlebars-4.3.1.jar;C:\Users\Miguel Delgado\.m2\repository\org\commonmark\commonmark\0.17.0\commonmark-0.17.0.jar;C:\Users\Miguel Delgado\.m2\repository\io\swagger\codegen\v3\swagger-codegen-generators\1.0.42\swagger-codegen-generators-1.0.42.jar;C:\Users\Miguel Delgado\.m2\repository\io\swagger\core\v3\swagger-annotations\2.2.11\swagger-annotations-2.2.11.jar;C:\Users\Miguel Delgado\.m2\repository\io\swagger\core\v3\swagger-maven-plugin-jakarta\2.2.11\swagger-maven-plugin-jakarta-2.2.11.jar;C:\Users\Miguel Delgado\.m2\repository\org\apache\commons\commons-lang3\3.13.0\commons-lang3-3.13.0.jar;C:\Users\Miguel Delgado\.m2\repository\org\codehaus\plexus\plexus-utils\3.5.0\plexus-utils-3.5.0.jar;C:\Users\Miguel Delgado\.m2\repository\org\codehaus\plexus\plexus-component-annotations\2.1.0\plexus-component-annotations-2.1.0.jar;C:\Users\Miguel Delgado\.m2\repository\io\swagger\core\v3\swagger-jaxrs2-jakarta\2.2.11\swagger-jaxrs2-jakarta-2.2.11.jar;C:\Users\Miguel Delgado\.m2\repository\io\github\classgraph\classgraph\4.8.154\classgraph-4.8.154.jar;C:\Users\Miguel Delgado\.m2\repository\org\javassist\javassist\3.29.2-GA\javassist-3.29.2-GA.jar;C:\Users\Miguel Delgado\.m2\repository\io\swagger\core\v3\swagger-models-jakarta\2.2.11\swagger-models-jakarta-2.2.11.jar;C:\Users\Miguel Delgado\.m2\repository\io\swagger\core\v3\swagger-annotations-jakarta\2.2.11\swagger-annotations-jakarta-2.2.11.jar;C:\Users\Miguel Delgado\.m2\repository\io\swagger\core\v3\swagger-integration-jakarta\2.2.11\swagger-integration-jakarta-2.2.11.jar;C:\Users\Miguel Delgado\.m2\repository\com\fasterxml\jackson\jakarta\rs\jackson-jakarta-rs-json-provider\2.15.4\jackson-jakarta-rs-json-provider-2.15.4.jar;C:\Users\Miguel Delgado\.m2\repository\com\fasterxml\jackson\jakarta\rs\jackson-jakarta-rs-base\2.15.4\jackson-jakarta-rs-base-2.15.4.jar;C:\Users\Miguel Delgado\.m2\repository\com\fasterxml\jackson\module\jackson-module-jakarta-xmlbind-annotations\2.15.4\jackson-module-jakarta-xmlbind-annotations-2.15.4.jar;C:\Users\Miguel Delgado\.m2\repository\org\mapstruct\mapstruct\1.5.5.Final\mapstruct-1.5.5.Final.jar;C:\Users\Miguel Delgado\.m2\repository\io\cucumber\cucumber-java\7.11.1\cucumber-java-7.11.1.jar;C:\Users\Miguel Delgado\.m2\repository\io\cucumber\cucumber-core\7.11.1\cucumber-core-7.11.1.jar;C:\Users\Miguel Delgado\.m2\repository\io\cucumber\cucumber-gherkin\7.11.1\cucumber-gherkin-7.11.1.jar;C:\Users\Miguel Delgado\.m2\repository\io\cucumber\cucumber-gherkin-messages\7.11.1\cucumber-gherkin-messages-7.11.1.jar;C:\Users\Miguel Delgado\.m2\repository\io\cucumber\gherkin\26.0.3\gherkin-26.0.3.jar;C:\Users\Miguel Delgado\.m2\repository\io\cucumber\messages\21.0.1\messages-21.0.1.jar;C:\Users\Miguel Delgado\.m2\repository\io\cucumber\tag-expressions\5.0.1\tag-expressions-5.0.1.jar;C:\Users\Miguel Delgado\.m2\repository\io\cucumber\cucumber-expressions\16.1.2\cucumber-expressions-16.1.2.jar;C:\Users\Miguel Delgado\.m2\repository\io\cucumber\datatable\7.11.1\datatable-7.11.1.jar;C:\Users\Miguel Delgado\.m2\repository\io\cucumber\cucumber-plugin\7.11.1\cucumber-plugin-7.11.1.jar;C:\Users\Miguel Delgado\.m2\repository\io\cucumber\docstring\7.11.1\docstring-7.11.1.jar;C:\Users\Miguel Delgado\.m2\repository\io\cucumber\html-formatter\20.2.1\html-formatter-20.2.1.jar;C:\Users\Miguel Delgado\.m2\repository\io\cucumber\junit-xml-formatter\0.1.0\junit-xml-formatter-0.1.0.jar;C:\Users\Miguel Delgado\.m2\repository\io\cucumber\ci-environment\9.1.0\ci-environment-9.1.0.jar;C:\Users\Miguel Delgado\.m2\repository\org\apiguardian\apiguardian-api\1.1.2\apiguardian-api-1.1.2.jar;C:\Users\Miguel Delgado\.m2\repository\io\cucumber\cucumber-spring\7.11.1\cucumber-spring-7.11.1.jar;C:\Users\Miguel Delgado\.m2\repository\io\cucumber\cucumber-junit-platform-engine\7.11.1\cucumber-junit-platform-engine-7.11.1.jar;C:\Users\Miguel Delgado\.m2\repository\org\junit\platform\junit-platform-engine\1.10.2\junit-platform-engine-1.10.2.jar;C:\Users\Miguel Delgado\.m2\repository\org\opentest4j\opentest4j\1.3.0\opentest4j-1.3.0.jar;C:\Users\Miguel Delgado\.m2\repository\org\junit\platform\junit-platform-commons\1.10.2\junit-platform-commons-1.10.2.jar;C:\Users\Miguel Delgado\.m2\repository\org\junit\platform\junit-platform-suite\1.10.2\junit-platform-suite-1.10.2.jar;C:\Users\Miguel Delgado\.m2\repository\org\junit\platform\junit-platform-suite-api\1.10.2\junit-platform-suite-api-1.10.2.jar;C:\Users\Miguel Delgado\.m2\repository\org\junit\platform\junit-platform-suite-engine\1.10.2\junit-platform-suite-engine-1.10.2.jar;C:\Users\Miguel Delgado\.m2\repository\org\junit\platform\junit-platform-suite-commons\1.10.2\junit-platform-suite-commons-1.10.2.jar;C:\Users\Miguel Delgado\.m2\repository\org\junit\platform\junit-platform-launcher\1.10.2\junit-platform-launcher-1.10.2.jar;"/>
    <property name="sun.cpu.endian" value="little"/>
    <property name="user.home" value="C:\Users\Miguel Delgado"/>
    <property name="user.language" value="es"/>
    <property name="java.specification.vendor" value="Oracle Corporation"/>
    <property name="java.version.date" value="2024-01-16"/>
    <property name="java.home" value="C:\Program Files\amazon-corretto-17.0.10.7.1-windows-x64-jdk\jdk17.0.10_7"/>
    <property name="file.separator" value="\"/>
    <property name="basedir" value="C:\Users\Miguel Delgado\prices-manager"/>
    <property name="java.vm.compressedOopsMode" value="Zero based"/>
    <property name="line.separator" value="&#10;"/>
    <property name="java.vm.specification.vendor" value="Oracle Corporation"/>
    <property name="java.specification.name" value="Java Platform API Specification"/>
    <property name="FILE_LOG_CHARSET" value="windows-1252"/>
    <property name="java.awt.headless" value="true"/>
    <property name="surefire.real.class.path" value="C:\Users\Miguel Delgado\AppData\Local\Temp\surefire13985579651158724902\surefirebooter-20240318095946854_3.jar"/>
    <property name="user.script" value=""/>
    <property name="sun.management.compiler" value="HotSpot 64-Bit Tiered Compilers"/>
    <property name="java.runtime.version" value="17.0.10+7-LTS"/>
    <property name="user.name" value="Miguel Delgado"/>
    <property name="path.separator" value=";"/>
    <property name="os.version" value="10.0"/>
    <property name="java.runtime.name" value="OpenJDK Runtime Environment"/>
    <property name="file.encoding" value="Cp1252"/>
    <property name="java.vm.name" value="OpenJDK 64-Bit Server VM"/>
    <property name="java.vendor.version" value="Corretto-17.0.10.7.1"/>
    <property name="localRepository" value="C:\Users\Miguel Delgado\.m2\repository"/>
    <property name="java.vendor.url.bug" value="https://github.com/corretto/corretto-17/issues/"/>
    <property name="java.io.tmpdir" value="C:\Users\MIGUEL~1\AppData\Local\Temp\"/>
    <property name="com.zaxxer.hikari.pool_number" value="2"/>
    <property name="java.version" value="17.0.10"/>
    <property name="user.dir" value="C:\Users\Miguel Delgado\prices-manager"/>
    <property name="os.arch" value="amd64"/>
    <property name="java.vm.specification.name" value="Java Virtual Machine Specification"/>
    <property name="PID" value="5704"/>
    <property name="sun.os.patch.level" value=""/>
    <property name="CONSOLE_LOG_CHARSET" value="windows-1252"/>
    <property name="native.encoding" value="Cp1252"/>
    <property name="java.library.path" value="C:\Program Files\amazon-corretto-17.0.10.7.1-windows-x64-jdk\jdk17.0.10_7\bin;C:\WINDOWS\Sun\Java\bin;C:\WINDOWS\system32;C:\WINDOWS;C:\WINDOWS\system32;C:\WINDOWS;C:\WINDOWS\System32\Wbem;C:\WINDOWS\System32\WindowsPowerShell\v1.0\;C:\WINDOWS\System32\OpenSSH\;C:\Program Files\AutoFirmaJA\AutoFirmaJA;C:\Program Files\dotnet\;C:\Program Files\AutoFirma\AutoFirma;C:\Program Files\Git\cmd;C:\Users\Miguel Delgado\AppData\Local\Microsoft\WindowsApps;C:\Program Files\JetBrains\IntelliJ IDEA Community Edition 2022.3.1\bin;;C:\Program Files\apache-maven-3.9.6\bin;C:\Users\Miguel Delgado\AppData\Local\GitHubDesktop\bin;."/>
    <property name="java.vm.info" value="mixed mode, sharing"/>
    <property name="java.vendor" value="Amazon.com Inc."/>
    <property name="java.vm.version" value="17.0.10+7-LTS"/>
    <property name="sun.io.unicode.encoding" value="UnicodeLittle"/>
    <property name="java.class.version" value="61.0"/>
    <property name="LOGGED_APPLICATION_NAME" value="[test-microservice] "/>
  </properties>
  <testcase name="Example #1.1" classname="Examples" time="2.197">
    <system-out><![CDATA[09:59:58.894 [main] INFO  o.s.t.c.s.AnnotationConfigContextLoaderUtils - Could not detect default configuration classes for test class [com.zara.spring.java.GetPriceByDateTest]: GetPriceByDateTest does not declare any static, non-private, non-final, nested classes annotated with @Configuration.
09:59:58.917 [main] INFO  o.s.b.t.c.SpringBootTestContextBootstrapper - Found @SpringBootConfiguration com.zara.spring.java.PricesManagerApplication for test class com.zara.spring.java.GetPriceByDateTest

  .   ____          _            __ _ _
 /\\ / ___'_ __ _ _(_)_ __  __ _ \ \ \ \
( ( )\___ | '_ | '_| | '_ \/ _` | \ \ \ \
 \\/  ___)| |_)| | | | | || (_| |  ) ) ) )
  '  |____| .__|_| |_|_| |_\__, | / / / /
 =========|_|==============|___/=/_/_/_/
 :: Spring Boot ::                (v3.2.3)

09:59:58.958 [main] WARN  o.s.b.t.j.DuplicateJsonObjectContextCustomizerFactory$DuplicateJsonObjectContextCustomizer - 

Found multiple occurrences of org.json.JSONObject on the class path:

	jar:file:/C:/Users/Miguel%20Delgado/.m2/repository/com/vaadin/external/google/android-json/0.0.20131108.vaadin1/android-json-0.0.20131108.vaadin1.jar!/org/json/JSONObject.class
	jar:file:/C:/Users/Miguel%20Delgado/.m2/repository/org/json/json/20230227/json-20230227.jar!/org/json/JSONObject.class

You may wish to exclude one of them to ensure predictable runtime behavior

09:59:58.960 [main] INFO  c.z.spring.java.GetPriceByDateTest - Starting GetPriceByDateTest using Java 17.0.10 with PID 5704 (started by Miguel Delgado in C:\Users\Miguel Delgado\prices-manager)
09:59:58.960 [main] INFO  c.z.spring.java.GetPriceByDateTest - The following 1 profile is active: "test"
09:59:59.215 [main] INFO  o.s.d.r.c.RepositoryConfigurationDelegate - Bootstrapping Spring Data JPA repositories in DEFAULT mode.
09:59:59.230 [main] INFO  o.s.d.r.c.RepositoryConfigurationDelegate - Finished Spring Data repository scanning in 14 ms. Found 1 JPA repository interface.
09:59:59.432 [main] INFO  com.zaxxer.hikari.HikariDataSource - HikariPool-2 - Starting...
09:59:59.434 [main] INFO  com.zaxxer.hikari.pool.HikariPool - HikariPool-2 - Added connection conn10: url=jdbc:h2:mem:testdb user=SA
09:59:59.434 [main] INFO  com.zaxxer.hikari.HikariDataSource - HikariPool-2 - Start completed.
09:59:59.438 [main] INFO  o.h.jpa.internal.util.LogHelper - HHH000204: Processing PersistenceUnitInfo [name: default]
09:59:59.445 [main] INFO  o.h.c.i.RegionFactoryInitiator - HHH000026: Second-level cache disabled
09:59:59.455 [main] INFO  o.s.o.j.p.SpringPersistenceUnitInfo - No LoadTimeWeaver setup: ignoring JPA class transformer
09:59:59.523 [main] INFO  o.h.e.t.j.p.i.JtaPlatformInitiator - HHH000489: No JTA platform available (set 'hibernate.transaction.jta.platform' to enable JTA platform integration)
Hibernate: 
    drop table if exists price cascade 
Hibernate: 
    create table price (
        brand_id integer,
        price_amount float(53),
        price_list_id integer generated by default as identity,
        priority integer,
        product_id integer,
        end_date timestamp(6) with time zone,
        start_date timestamp(6) with time zone,
        currency varchar(255),
        primary key (price_list_id)
    )
Hibernate: insert into price (PRICE_LIST_ID, BRAND_ID, START_DATE, END_DATE, PRODUCT_ID, PRIORITY, PRICE_AMOUNT, CURRENCY) values (1, 1, '2020-06-14T00:00:00Z', '2020-12-31T23:59:59Z', 35455, 0, 35.40, 'EUR')
Hibernate: insert into price (PRICE_LIST_ID, BRAND_ID, START_DATE, END_DATE, PRODUCT_ID, PRIORITY, PRICE_AMOUNT, CURRENCY) values (2, 1, '2020-06-14T15:00:00Z', '2020-06-14T18:30:59Z', 35455, 1, 25.45, 'EUR')
Hibernate: insert into price (PRICE_LIST_ID, BRAND_ID, START_DATE, END_DATE, PRODUCT_ID, PRIORITY, PRICE_AMOUNT, CURRENCY) values (3, 1, '2020-06-15T00:00:00Z', '2020-06-15T11:00:00Z', 35455, 1, 30.50, 'EUR')
Hibernate: insert into price (PRICE_LIST_ID, BRAND_ID, START_DATE, END_DATE, PRODUCT_ID, PRIORITY, PRICE_AMOUNT, CURRENCY) values (4, 1, '2020-06-15T16:00:00Z', '2020-12-31T23:59:59Z', 35455, 0, 35.40, 'EUR')
09:59:59.534 [main] INFO  o.s.o.j.LocalContainerEntityManagerFactoryBean - Initialized JPA EntityManagerFactory for persistence unit 'default'
09:59:59.838 [main] WARN  o.s.b.a.m.MustacheAutoConfiguration - Cannot find template location: classpath:/templates/ (please add some templates, check your Mustache configuration, or set spring.mustache.check-template-location=false)
09:59:59.905 [main] INFO  o.s.b.a.h.H2ConsoleAutoConfiguration - H2 console available at '/h2-console'. Database available at 'jdbc:h2:mem:testdb'
09:59:59.987 [main] INFO  o.s.b.t.m.w.SpringBootMockServletContext - Initializing Spring TestDispatcherServlet ''
09:59:59.987 [main] INFO  o.s.t.w.s.TestDispatcherServlet - Initializing Servlet ''
09:59:59.991 [main] INFO  o.s.t.w.s.TestDispatcherServlet - Completed initialization in 2 ms
10:00:00.005 [main] INFO  c.z.spring.java.GetPriceByDateTest - Started GetPriceByDateTest in 1.086 seconds (process running for 12.966)
Hibernate: 
    select
        pe1_0.price_list_id,
        pe1_0.brand_id,
        pe1_0.currency,
        pe1_0.end_date,
        pe1_0.price_amount,
        pe1_0.priority,
        pe1_0.product_id,
        pe1_0.start_date 
    from
        price pe1_0 
    where
        pe1_0.product_id=? 
        and pe1_0.brand_id=? 
        and pe1_0.start_date<? 
        and pe1_0.end_date>? 
    order by
        pe1_0.price_list_id desc,
        pe1_0.priority desc 
    fetch
        first ? rows only
]]></system-out>
  </testcase>
  <testcase name="Example #1.2" classname="Examples" time="0.057">
    <system-out><![CDATA[10:00:01.047 [main] INFO  o.s.t.c.s.AnnotationConfigContextLoaderUtils - Could not detect default configuration classes for test class [com.zara.spring.java.GetPriceByDateTest]: GetPriceByDateTest does not declare any static, non-private, non-final, nested classes annotated with @Configuration.
10:00:01.051 [main] INFO  o.s.b.t.c.SpringBootTestContextBootstrapper - Found @SpringBootConfiguration com.zara.spring.java.PricesManagerApplication for test class com.zara.spring.java.GetPriceByDateTest
Hibernate: 
    select
        pe1_0.price_list_id,
        pe1_0.brand_id,
        pe1_0.currency,
        pe1_0.end_date,
        pe1_0.price_amount,
        pe1_0.priority,
        pe1_0.product_id,
        pe1_0.start_date 
    from
        price pe1_0 
    where
        pe1_0.product_id=? 
        and pe1_0.brand_id=? 
        and pe1_0.start_date<? 
        and pe1_0.end_date>? 
    order by
        pe1_0.price_list_id desc,
        pe1_0.priority desc 
    fetch
        first ? rows only
]]></system-out>
  </testcase>
  <testcase name="Example #1.3" classname="Examples" time="0.047">
    <system-out><![CDATA[10:00:01.106 [main] INFO  o.s.t.c.s.AnnotationConfigContextLoaderUtils - Could not detect default configuration classes for test class [com.zara.spring.java.GetPriceByDateTest]: GetPriceByDateTest does not declare any static, non-private, non-final, nested classes annotated with @Configuration.
10:00:01.111 [main] INFO  o.s.b.t.c.SpringBootTestContextBootstrapper - Found @SpringBootConfiguration com.zara.spring.java.PricesManagerApplication for test class com.zara.spring.java.GetPriceByDateTest
Hibernate: 
    select
        pe1_0.price_list_id,
        pe1_0.brand_id,
        pe1_0.currency,
        pe1_0.end_date,
        pe1_0.price_amount,
        pe1_0.priority,
        pe1_0.product_id,
        pe1_0.start_date 
    from
        price pe1_0 
    where
        pe1_0.product_id=? 
        and pe1_0.brand_id=? 
        and pe1_0.start_date<? 
        and pe1_0.end_date>? 
    order by
        pe1_0.price_list_id desc,
        pe1_0.priority desc 
    fetch
        first ? rows only
]]></system-out>
  </testcase>
  <testcase name="Example #1.4" classname="Examples" time="0.027">
    <system-out><![CDATA[10:00:01.154 [main] INFO  o.s.t.c.s.AnnotationConfigContextLoaderUtils - Could not detect default configuration classes for test class [com.zara.spring.java.GetPriceByDateTest]: GetPriceByDateTest does not declare any static, non-private, non-final, nested classes annotated with @Configuration.
10:00:01.159 [main] INFO  o.s.b.t.c.SpringBootTestContextBootstrapper - Found @SpringBootConfiguration com.zara.spring.java.PricesManagerApplication for test class com.zara.spring.java.GetPriceByDateTest
Hibernate: 
    select
        pe1_0.price_list_id,
        pe1_0.brand_id,
        pe1_0.currency,
        pe1_0.end_date,
        pe1_0.price_amount,
        pe1_0.priority,
        pe1_0.product_id,
        pe1_0.start_date 
    from
        price pe1_0 
    where
        pe1_0.product_id=? 
        and pe1_0.brand_id=? 
        and pe1_0.start_date<? 
        and pe1_0.end_date>? 
    order by
        pe1_0.price_list_id desc,
        pe1_0.priority desc 
    fetch
        first ? rows only
]]></system-out>
  </testcase>
  <testcase name="Example #1.5" classname="Examples" time="0.072">
    <system-out><![CDATA[10:00:01.182 [main] INFO  o.s.t.c.s.AnnotationConfigContextLoaderUtils - Could not detect default configuration classes for test class [com.zara.spring.java.GetPriceByDateTest]: GetPriceByDateTest does not declare any static, non-private, non-final, nested classes annotated with @Configuration.
10:00:01.195 [main] INFO  o.s.b.t.c.SpringBootTestContextBootstrapper - Found @SpringBootConfiguration com.zara.spring.java.PricesManagerApplication for test class com.zara.spring.java.GetPriceByDateTest
Hibernate: 
    select
        pe1_0.price_list_id,
        pe1_0.brand_id,
        pe1_0.currency,
        pe1_0.end_date,
        pe1_0.price_amount,
        pe1_0.priority,
        pe1_0.product_id,
        pe1_0.start_date 
    from
        price pe1_0 
    where
        pe1_0.product_id=? 
        and pe1_0.brand_id=? 
        and pe1_0.start_date<? 
        and pe1_0.end_date>? 
    order by
        pe1_0.price_list_id desc,
        pe1_0.priority desc 
    fetch
        first ? rows only
]]></system-out>
  </testcase>
</testsuite>